2025-10-16 11:15:38.098 [AUDIT] USER_ACTION - AnnouncementController - getLatest10Announcements - SUCCESS - Duration: 243ms
2025-10-16 11:15:38.098 [AUDIT] USER_ACTION - EventDataController - getLatest10Events - SUCCESS - Duration: 243ms
2025-10-16 11:15:38.098 [AUDIT] USER_ACTION - SliderController - getLatestSliders - SUCCESS - Duration: 244ms
2025-10-16 11:15:38.098 [AUDIT] USER_ACTION - PostController - getLatest10Posts - SUCCESS - Duration: 244ms
2025-10-16 11:15:38.098 [AUDIT] USER_ACTION - FoodController - getFoodList - SUCCESS - Duration: 244ms
2025-10-16 11:15:52.280 [AUDIT] USER_ACTION - AnnouncementController - getLatest10Announcements - SUCCESS - Duration: 23ms
2025-10-16 11:15:52.280 [AUDIT] USER_ACTION - SliderController - getLatestSliders - SUCCESS - Duration: 23ms
2025-10-16 11:15:52.280 [AUDIT] USER_ACTION - EventDataController - getLatest10Events - SUCCESS - Duration: 23ms
2025-10-16 11:15:52.281 [AUDIT] USER_ACTION - FoodController - getFoodList - SUCCESS - Duration: 25ms
2025-10-16 11:15:52.329 [AUDIT] USER_ACTION - PostController - getLatest10Posts - SUCCESS - Duration: 74ms
2025-10-16 11:16:09.670 [AUDIT] USER_ACTION - FoodController - getLastMonth - SUCCESS - Duration: 16ms
2025-10-16 11:16:12.165 [AUDIT] USER_ACTION - AnnouncementController - getLatest10Announcements - SUCCESS - Duration: 0ms
2025-10-16 11:16:12.166 [AUDIT] USER_ACTION - FoodController - getFoodList - SUCCESS - Duration: 2ms
2025-10-16 11:16:12.166 [AUDIT] USER_ACTION - SliderController - getLatestSliders - SUCCESS - Duration: 0ms
2025-10-16 11:16:12.172 [AUDIT] USER_ACTION - EventDataController - getLatest10Events - SUCCESS - Duration: 9ms
2025-10-16 11:16:12.232 [AUDIT] USER_ACTION - PostController - getLatest10Posts - SUCCESS - Duration: 68ms
2025-10-16 11:16:24.961 [AUDIT] USER_ACTION - SliderController - getLatestSliders - SUCCESS - Duration: 0ms
2025-10-16 11:16:24.962 [AUDIT] USER_ACTION - FoodController - getFoodList - SUCCESS - Duration: 1ms
2025-10-16 11:16:24.978 [AUDIT] USER_ACTION - AnnouncementController - getLatest10Announcements - SUCCESS - Duration: 0ms
2025-10-16 11:16:24.987 [AUDIT] USER_ACTION - EventDataController - getLatest10Events - SUCCESS - Duration: 23ms
2025-10-16 11:16:25.029 [AUDIT] USER_ACTION - PostController - getLatest10Posts - SUCCESS - Duration: 66ms
2025-10-16 11:17:18.463 [AUDIT] USER_ACTION - FoodController - getLastMonth - SUCCESS - Duration: 5ms
2025-10-16 11:17:26.635 [AUDIT] USER_ACTION - FoodController - getLastMonth - SUCCESS - Duration: 1ms
2025-10-16 11:24:21.132 [AUDIT] USER_ACTION - AnnouncementController - getLatest10Announcements - SUCCESS - Duration: 5ms
2025-10-16 11:24:21.132 [AUDIT] USER_ACTION - FoodController - getFoodList - SUCCESS - Duration: 6ms
2025-10-16 11:24:21.132 [AUDIT] USER_ACTION - SliderController - getLatestSliders - SUCCESS - Duration: 5ms
2025-10-16 11:24:21.160 [AUDIT] USER_ACTION - EventDataController - getLatest10Events - SUCCESS - Duration: 34ms
2025-10-16 11:24:21.209 [AUDIT] USER_ACTION - PostController - getLatest10Posts - SUCCESS - Duration: 81ms
2025-10-16 11:26:08.408 [AUDIT] USER_ACTION - FoodController - getFoodList - SUCCESS - Duration: 1ms
2025-10-16 11:26:08.416 [AUDIT] USER_ACTION - SliderController - getLatestSliders - SUCCESS - Duration: 1ms
2025-10-16 11:26:08.425 [AUDIT] USER_ACTION - AnnouncementController - getLatest10Announcements - SUCCESS - Duration: 0ms
2025-10-16 11:26:08.434 [AUDIT] USER_ACTION - EventDataController - getLatest10Events - SUCCESS - Duration: 18ms
2025-10-16 11:26:08.494 [AUDIT] USER_ACTION - PostController - getLatest10Posts - SUCCESS - Duration: 76ms
2025-10-16 11:26:19.072 [AUDIT] USER_ACTION - SliderController - getLatestSliders - SUCCESS - Duration: 1ms
2025-10-16 11:26:19.072 [AUDIT] USER_ACTION - FoodController - getFoodList - SUCCESS - Duration: 1ms
2025-10-16 11:26:19.082 [AUDIT] USER_ACTION - EventDataController - getLatest10Events - SUCCESS - Duration: 10ms
2025-10-16 11:26:19.085 [AUDIT] USER_ACTION - AnnouncementController - getLatest10Announcements - SUCCESS - Duration: 2ms
2025-10-16 11:26:19.138 [AUDIT] USER_ACTION - PostController - getLatest10Posts - SUCCESS - Duration: 67ms
2025-10-16 11:26:26.025 [AUDIT] USER_ACTION - FoodController - getFoodList - SUCCESS - Duration: 1ms
2025-10-16 11:26:26.031 [AUDIT] USER_ACTION - SliderController - getLatestSliders - SUCCESS - Duration: 5ms
2025-10-16 11:26:26.033 [AUDIT] USER_ACTION - AnnouncementController - getLatest10Announcements - SUCCESS - Duration: 8ms
2025-10-16 11:26:26.042 [AUDIT] USER_ACTION - EventDataController - getLatest10Events - SUCCESS - Duration: 11ms
2025-10-16 11:26:26.098 [AUDIT] USER_ACTION - PostController - getLatest10Posts - SUCCESS - Duration: 71ms
2025-10-16 11:26:34.690 [AUDIT] USER_ACTION - SliderController - getLatestSliders - SUCCESS - Duration: 0ms
2025-10-16 11:26:34.690 [AUDIT] USER_ACTION - AnnouncementController - getLatest10Announcements - SUCCESS - Duration: 0ms
2025-10-16 11:26:34.690 [AUDIT] USER_ACTION - FoodController - getFoodList - SUCCESS - Duration: 0ms
2025-10-16 11:26:34.698 [AUDIT] USER_ACTION - EventDataController - getLatest10Events - SUCCESS - Duration: 7ms
2025-10-16 11:26:34.758 [AUDIT] USER_ACTION - PostController - getLatest10Posts - SUCCESS - Duration: 64ms
2025-10-16 11:26:41.516 [AUDIT] USER_ACTION - SliderController - getLatestSliders - SUCCESS - Duration: 1ms
2025-10-16 11:26:41.517 [AUDIT] USER_ACTION - AnnouncementController - getLatest10Announcements - SUCCESS - Duration: 2ms
2025-10-16 11:26:41.521 [AUDIT] USER_ACTION - FoodController - getFoodList - SUCCESS - Duration: 0ms
2025-10-16 11:26:41.535 [AUDIT] USER_ACTION - EventDataController - getLatest10Events - SUCCESS - Duration: 13ms
2025-10-16 11:26:41.584 [AUDIT] USER_ACTION - PostController - getLatest10Posts - SUCCESS - Duration: 69ms
2025-10-16 11:26:49.576 [AUDIT] USER_ACTION - AnnouncementController - getLatest10Announcements - SUCCESS - Duration: 0ms
2025-10-16 11:26:49.578 [AUDIT] USER_ACTION - SliderController - getLatestSliders - SUCCESS - Duration: 4ms
2025-10-16 11:26:49.581 [AUDIT] USER_ACTION - FoodController - getFoodList - SUCCESS - Duration: 3ms
2025-10-16 11:26:49.583 [AUDIT] USER_ACTION - EventDataController - getLatest10Events - SUCCESS - Duration: 9ms
2025-10-16 11:26:49.642 [AUDIT] USER_ACTION - PostController - getLatest10Posts - SUCCESS - Duration: 67ms
2025-10-16 11:26:58.617 [AUDIT] USER_ACTION - AnnouncementController - getLatest10Announcements - SUCCESS - Duration: 0ms
2025-10-16 11:26:58.621 [AUDIT] USER_ACTION - FoodController - getFoodList - SUCCESS - Duration: 0ms
2025-10-16 11:26:58.623 [AUDIT] USER_ACTION - SliderController - getLatestSliders - SUCCESS - Duration: 0ms
2025-10-16 11:26:58.628 [AUDIT] USER_ACTION - EventDataController - getLatest10Events - SUCCESS - Duration: 10ms
2025-10-16 11:26:58.684 [AUDIT] USER_ACTION - PostController - getLatest10Posts - SUCCESS - Duration: 67ms
2025-10-16 11:27:18.278 [AUDIT] USER_ACTION - AnnouncementController - getLatest10Announcements - SUCCESS - Duration: 1ms
2025-10-16 11:27:18.278 [AUDIT] USER_ACTION - FoodController - getFoodList - SUCCESS - Duration: 1ms
2025-10-16 11:27:18.280 [AUDIT] USER_ACTION - SliderController - getLatestSliders - SUCCESS - Duration: 1ms
2025-10-16 11:27:18.294 [AUDIT] USER_ACTION - EventDataController - getLatest10Events - SUCCESS - Duration: 17ms
2025-10-16 11:27:18.345 [AUDIT] USER_ACTION - PostController - getLatest10Posts - SUCCESS - Duration: 69ms
2025-10-16 11:28:04.026 [AUDIT] USER_ACTION - FoodController - getFoodList - SUCCESS - Duration: 1ms
2025-10-16 11:28:04.030 [AUDIT] USER_ACTION - SliderController - getLatestSliders - SUCCESS - Duration: 0ms
2025-10-16 11:28:04.037 [AUDIT] USER_ACTION - AnnouncementController - getLatest10Announcements - SUCCESS - Duration: 0ms
2025-10-16 11:28:04.046 [AUDIT] USER_ACTION - EventDataController - getLatest10Events - SUCCESS - Duration: 9ms
2025-10-16 11:28:04.116 [AUDIT] USER_ACTION - PostController - getLatest10Posts - SUCCESS - Duration: 71ms
2025-10-16 11:40:44.981 [AUDIT] USER_ACTION - AnnouncementController - getLatest10Announcements - SUCCESS - Duration: 26ms
2025-10-16 11:40:44.981 [AUDIT] USER_ACTION - SliderController - getLatestSliders - SUCCESS - Duration: 26ms
2025-10-16 11:40:44.994 [AUDIT] USER_ACTION - FoodController - getFoodList - SUCCESS - Duration: 41ms
2025-10-16 11:40:45.034 [AUDIT] USER_ACTION - EventDataController - getLatest10Events - SUCCESS - Duration: 81ms
2025-10-16 11:40:45.065 [AUDIT] USER_ACTION - PostController - getLatest10Posts - SUCCESS - Duration: 112ms
2025-10-16 11:49:25.692 [AUDIT] USER_ACTION - EventDataController - getLatest10Events - SUCCESS - Duration: 59ms
2025-10-16 11:49:25.692 [AUDIT] USER_ACTION - AnnouncementController - getLatest10Announcements - SUCCESS - Duration: 59ms
2025-10-16 11:49:25.692 [AUDIT] USER_ACTION - SliderController - getLatestSliders - SUCCESS - Duration: 59ms
2025-10-16 11:49:25.702 [AUDIT] USER_ACTION - FoodController - getFoodList - SUCCESS - Duration: 69ms
2025-10-16 11:49:25.726 [AUDIT] USER_ACTION - PostController - getLatest10Posts - SUCCESS - Duration: 92ms
2025-10-16 11:51:29.260 [AUDIT] USER_ACTION - SliderController - getLatestSliders - SUCCESS - Duration: 4ms
2025-10-16 11:51:40.625 [AUDIT] USER_ACTION - SliderController - getLatestSliders - SUCCESS - Duration: 0ms
2025-10-16 11:51:40.637 [AUDIT] USER_ACTION - AnnouncementController - getLatest10Announcements - SUCCESS - Duration: 0ms
2025-10-16 11:51:40.646 [AUDIT] USER_ACTION - FoodController - getFoodList - SUCCESS - Duration: 1ms
2025-10-16 11:51:40.648 [AUDIT] USER_ACTION - EventDataController - getLatest10Events - SUCCESS - Duration: 10ms
2025-10-16 11:51:40.696 [AUDIT] USER_ACTION - PostController - getLatest10Posts - SUCCESS - Duration: 64ms
2025-10-16 11:51:50.693 [AUDIT] USER_ACTION - AnnouncementController - getLatest10Announcements - SUCCESS - Duration: 1ms
2025-10-16 11:51:50.693 [AUDIT] USER_ACTION - SliderController - getLatestSliders - SUCCESS - Duration: 0ms
2025-10-16 11:51:50.705 [AUDIT] USER_ACTION - FoodController - getFoodList - SUCCESS - Duration: 0ms
2025-10-16 11:51:50.709 [AUDIT] USER_ACTION - EventDataController - getLatest10Events - SUCCESS - Duration: 12ms
2025-10-16 11:51:50.760 [AUDIT] USER_ACTION - PostController - getLatest10Posts - SUCCESS - Duration: 62ms
2025-10-16 11:52:07.800 [AUDIT] USER_ACTION - FoodController - getFoodList - SUCCESS - Duration: 0ms
2025-10-16 11:52:07.800 [AUDIT] USER_ACTION - AnnouncementController - getLatest10Announcements - SUCCESS - Duration: 0ms
2025-10-16 11:52:07.800 [AUDIT] USER_ACTION - SliderController - getLatestSliders - SUCCESS - Duration: 0ms
2025-10-16 11:52:07.807 [AUDIT] USER_ACTION - EventDataController - getLatest10Events - SUCCESS - Duration: 7ms
2025-10-16 11:52:07.863 [AUDIT] USER_ACTION - PostController - getLatest10Posts - SUCCESS - Duration: 62ms
2025-10-16 11:52:15.693 [AUDIT] USER_ACTION - SliderController - getLatestSliders - SUCCESS - Duration: 0ms
2025-10-16 11:52:15.695 [AUDIT] USER_ACTION - AnnouncementController - getLatest10Announcements - SUCCESS - Duration: 0ms
2025-10-16 11:52:15.697 [AUDIT] USER_ACTION - FoodController - getFoodList - SUCCESS - Duration: 0ms
2025-10-16 11:52:15.701 [AUDIT] USER_ACTION - EventDataController - getLatest10Events - SUCCESS - Duration: 7ms
2025-10-16 11:52:15.760 [AUDIT] USER_ACTION - PostController - getLatest10Posts - SUCCESS - Duration: 65ms
2025-10-16 11:52:45.389 [AUDIT] USER_ACTION - SliderController - getLatestSliders - SUCCESS - Duration: 1ms
2025-10-16 11:52:45.389 [AUDIT] USER_ACTION - AnnouncementController - getLatest10Announcements - SUCCESS - Duration: 1ms
2025-10-16 11:52:45.391 [AUDIT] USER_ACTION - FoodController - getFoodList - SUCCESS - Duration: 0ms
2025-10-16 11:52:45.425 [AUDIT] USER_ACTION - EventDataController - getLatest10Events - SUCCESS - Duration: 18ms
2025-10-16 11:52:45.457 [AUDIT] USER_ACTION - PostController - getLatest10Posts - SUCCESS - Duration: 66ms
2025-10-16 11:53:06.926 [AUDIT] USER_ACTION - SliderController - getLatestSliders - SUCCESS - Duration: 0ms
2025-10-16 11:53:06.941 [AUDIT] USER_ACTION - AnnouncementController - getLatest10Announcements - SUCCESS - Duration: 0ms
2025-10-16 11:53:06.941 [AUDIT] USER_ACTION - SliderController - getLatestSliders - SUCCESS - Duration: 0ms
2025-10-16 11:53:06.957 [AUDIT] USER_ACTION - FoodController - getFoodList - SUCCESS - Duration: 1ms
2025-10-16 11:53:06.968 [AUDIT] USER_ACTION - EventDataController - getLatest10Events - SUCCESS - Duration: 10ms
2025-10-16 11:53:07.010 [AUDIT] USER_ACTION - FoodController - getFoodList - SUCCESS - Duration: 0ms
2025-10-16 11:53:07.023 [AUDIT] USER_ACTION - PostController - getLatest10Posts - SUCCESS - Duration: 64ms
2025-10-16 11:53:07.069 [AUDIT] USER_ACTION - AnnouncementController - getLatest10Announcements - SUCCESS - Duration: 1ms
2025-10-16 11:53:07.799 [AUDIT] USER_ACTION - EventDataController - getLatest10Events - SUCCESS - Duration: 9ms
2025-10-16 11:53:07.913 [AUDIT] USER_ACTION - PostController - getLatest10Posts - SUCCESS - Duration: 64ms
2025-10-16 11:58:03.297 [AUDIT] USER_ACTION - AnnouncementController - getLatest10Announcements - SUCCESS - Duration: 1ms
2025-10-16 11:58:03.297 [AUDIT] USER_ACTION - SliderController - getLatestSliders - SUCCESS - Duration: 1ms
2025-10-16 11:58:03.297 [AUDIT] USER_ACTION - SliderController - getLatestSliders - SUCCESS - Duration: 1ms
2025-10-16 11:58:03.298 [AUDIT] USER_ACTION - FoodController - getFoodList - SUCCESS - Duration: 1ms
2025-10-16 11:58:03.305 [AUDIT] USER_ACTION - EventDataController - getLatest10Events - SUCCESS - Duration: 9ms
2025-10-16 11:58:03.348 [AUDIT] USER_ACTION - FoodController - getFoodList - SUCCESS - Duration: 1ms
2025-10-16 11:58:03.394 [AUDIT] USER_ACTION - PostController - getLatest10Posts - SUCCESS - Duration: 64ms
2025-10-16 11:58:03.614 [AUDIT] USER_ACTION - AnnouncementController - getLatest10Announcements - SUCCESS - Duration: 0ms
2025-10-16 11:58:03.884 [AUDIT] USER_ACTION - EventDataController - getLatest10Events - SUCCESS - Duration: 4ms
2025-10-16 11:58:03.982 [AUDIT] USER_ACTION - PostController - getLatest10Posts - SUCCESS - Duration: 62ms
2025-10-16 12:42:59.930 [AUDIT] USER_ACTION - EventDataController - getLatest10Events - SUCCESS - Duration: 30ms
2025-10-16 12:42:59.939 [AUDIT] USER_ACTION - SliderController - getLatestSliders - SUCCESS - Duration: 39ms
2025-10-16 12:42:59.943 [AUDIT] USER_ACTION - AnnouncementController - getLatest10Announcements - SUCCESS - Duration: 43ms
2025-10-16 12:42:59.943 [AUDIT] USER_ACTION - FoodController - getFoodList - SUCCESS - Duration: 43ms
2025-10-16 12:42:59.943 [AUDIT] USER_ACTION - SliderController - getLatestSliders - SUCCESS - Duration: 43ms
2025-10-16 12:42:59.997 [AUDIT] USER_ACTION - FoodController - getFoodList - SUCCESS - Duration: 0ms
2025-10-16 12:43:00.060 [AUDIT] USER_ACTION - PostController - getLatest10Posts - SUCCESS - Duration: 63ms
2025-10-16 12:43:00.274 [AUDIT] USER_ACTION - AnnouncementController - getLatest10Announcements - SUCCESS - Duration: 0ms
2025-10-16 12:43:00.507 [AUDIT] USER_ACTION - EventDataController - getLatest10Events - SUCCESS - Duration: 14ms
2025-10-16 12:43:00.609 [AUDIT] USER_ACTION - PostController - getLatest10Posts - SUCCESS - Duration: 66ms
2025-10-16 13:01:46.865 [AUDIT] USER_ACTION - SliderController - getLatestSliders - SUCCESS - Duration: 2ms
2025-10-16 13:01:46.866 [AUDIT] USER_ACTION - FoodController - getFoodList - SUCCESS - Duration: 2ms
2025-10-16 13:01:46.937 [AUDIT] USER_ACTION - FoodController - getFoodList - SUCCESS - Duration: 11ms
2025-10-16 13:01:46.986 [AUDIT] USER_ACTION - PostController - getLatest10Posts - SUCCESS - Duration: 71ms
2025-10-16 13:01:47.040 [AUDIT] USER_ACTION - AnnouncementController - getLatest10Announcements - SUCCESS - Duration: 0ms
2025-10-16 13:01:47.117 [AUDIT] USER_ACTION - SliderController - getLatestSliders - SUCCESS - Duration: 0ms
2025-10-16 13:01:47.117 [AUDIT] USER_ACTION - AnnouncementController - getLatest10Announcements - SUCCESS - Duration: 0ms
2025-10-16 13:01:47.125 [AUDIT] USER_ACTION - EventDataController - getLatest10Events - SUCCESS - Duration: 9ms
2025-10-16 13:01:47.289 [AUDIT] USER_ACTION - EventDataController - getLatest10Events - SUCCESS - Duration: 12ms
2025-10-16 13:01:47.717 [AUDIT] USER_ACTION - PostController - getLatest10Posts - SUCCESS - Duration: 76ms
2025-10-16 13:10:25.307 [AUDIT] USER_ACTION - SliderController - getLatestSliders - SUCCESS - Duration: 1ms
2025-10-16 13:10:25.317 [AUDIT] USER_ACTION - AnnouncementController - getLatest10Announcements - SUCCESS - Duration: 2ms
2025-10-16 13:10:25.328 [AUDIT] USER_ACTION - SliderController - getLatestSliders - SUCCESS - Duration: 0ms
2025-10-16 13:10:25.329 [AUDIT] USER_ACTION - FoodController - getFoodList - SUCCESS - Duration: 1ms
2025-10-16 13:10:25.354 [AUDIT] USER_ACTION - EventDataController - getLatest10Events - SUCCESS - Duration: 6ms
2025-10-16 13:10:25.418 [AUDIT] USER_ACTION - PostController - getLatest10Posts - SUCCESS - Duration: 65ms
2025-10-16 13:10:25.474 [AUDIT] USER_ACTION - FoodController - getFoodList - SUCCESS - Duration: 0ms
2025-10-16 13:10:26.298 [AUDIT] USER_ACTION - AnnouncementController - getLatest10Announcements - SUCCESS - Duration: 0ms
2025-10-16 13:10:26.783 [AUDIT] USER_ACTION - EventDataController - getLatest10Events - SUCCESS - Duration: 15ms
2025-10-16 13:10:27.303 [AUDIT] USER_ACTION - PostController - getLatest10Posts - SUCCESS - Duration: 76ms
2025-10-16 13:10:39.117 [AUDIT] USER_ACTION - SliderController - getLatestSliders - SUCCESS - Duration: 1ms
2025-10-16 13:10:39.118 [AUDIT] USER_ACTION - FoodController - getFoodList - SUCCESS - Duration: 0ms
2025-10-16 13:10:39.121 [AUDIT] USER_ACTION - SliderController - getLatestSliders - SUCCESS - Duration: 1ms
2025-10-16 13:10:39.121 [AUDIT] USER_ACTION - AnnouncementController - getLatest10Announcements - SUCCESS - Duration: 1ms
2025-10-16 13:10:39.126 [AUDIT] USER_ACTION - EventDataController - getLatest10Events - SUCCESS - Duration: 8ms
2025-10-16 13:10:39.204 [AUDIT] USER_ACTION - PostController - getLatest10Posts - SUCCESS - Duration: 66ms
2025-10-16 13:10:39.242 [AUDIT] USER_ACTION - FoodController - getFoodList - SUCCESS - Duration: 0ms
2025-10-16 13:10:39.513 [AUDIT] USER_ACTION - AnnouncementController - getLatest10Announcements - SUCCESS - Duration: 0ms
2025-10-16 13:10:39.750 [AUDIT] USER_ACTION - EventDataController - getLatest10Events - SUCCESS - Duration: 7ms
2025-10-16 13:10:39.857 [AUDIT] USER_ACTION - PostController - getLatest10Posts - SUCCESS - Duration: 71ms
2025-10-16 13:16:46.476 [AUDIT] USER_ACTION - PostController - getLastMontPosts - SUCCESS - Duration: 82ms
2025-10-16 14:35:15.992 [AUDIT] USER_ACTION - FoodController - getFoodList - SUCCESS - Duration: 79ms
2025-10-16 14:35:15.996 [AUDIT] USER_ACTION - SliderController - getLatestSliders - SUCCESS - Duration: 83ms
2025-10-16 14:35:16.011 [AUDIT] USER_ACTION - AnnouncementController - getLatest10Announcements - SUCCESS - Duration: 98ms
2025-10-16 14:35:16.035 [AUDIT] USER_ACTION - PostController - getLatest10Posts - SUCCESS - Duration: 122ms
2025-10-16 14:35:16.057 [AUDIT] USER_ACTION - EventDataController - getLatest10Events - SUCCESS - Duration: 144ms
2025-10-16 14:36:16.779 [AUDIT] USER_ACTION - SliderController - getLatestSliders - SUCCESS - Duration: 2ms
2025-10-16 14:36:16.784 [AUDIT] USER_ACTION - SliderController - getLatestSliders - SUCCESS - Duration: 0ms
2025-10-16 14:36:16.819 [AUDIT] USER_ACTION - FoodController - getFoodList - SUCCESS - Duration: 0ms
2025-10-16 14:36:16.847 [AUDIT] USER_ACTION - AnnouncementController - getLatest10Announcements - SUCCESS - Duration: 0ms
2025-10-16 14:36:16.877 [AUDIT] USER_ACTION - EventDataController - getLatest10Events - SUCCESS - Duration: 78ms
2025-10-16 14:36:16.919 [AUDIT] USER_ACTION - PostController - getLatest10Posts - SUCCESS - Duration: 82ms
2025-10-16 14:36:17.044 [AUDIT] USER_ACTION - FoodController - getFoodList - SUCCESS - Duration: 0ms
2025-10-16 14:36:18.772 [AUDIT] USER_ACTION - AnnouncementController - getLatest10Announcements - SUCCESS - Duration: 0ms
2025-10-16 14:36:18.853 [AUDIT] USER_ACTION - EventDataController - getLatest10Events - SUCCESS - Duration: 4ms
2025-10-16 14:36:18.942 [AUDIT] USER_ACTION - PostController - getLatest10Posts - SUCCESS - Duration: 63ms
2025-10-16 14:36:52.445 [AUDIT] USER_ACTION - FoodController - getLastMonth - SUCCESS - Duration: 62ms
2025-10-16 14:37:14.571 [AUDIT] USER_ACTION - SliderController - getLatestSliders - SUCCESS - Duration: 1ms
2025-10-16 14:37:14.577 [AUDIT] USER_ACTION - AnnouncementController - getLatest10Announcements - SUCCESS - Duration: 0ms
2025-10-16 14:37:14.578 [AUDIT] USER_ACTION - FoodController - getFoodList - SUCCESS - Duration: 0ms
2025-10-16 14:37:14.602 [AUDIT] USER_ACTION - EventDataController - getLatest10Events - SUCCESS - Duration: 4ms
2025-10-16 14:37:14.630 [AUDIT] USER_ACTION - SliderController - getLatestSliders - SUCCESS - Duration: 0ms
2025-10-16 14:37:14.662 [AUDIT] USER_ACTION - PostController - getLatest10Posts - SUCCESS - Duration: 61ms
2025-10-16 14:37:14.877 [AUDIT] USER_ACTION - FoodController - getFoodList - SUCCESS - Duration: 0ms
2025-10-16 14:37:15.321 [AUDIT] USER_ACTION - AnnouncementController - getLatest10Announcements - SUCCESS - Duration: 0ms
2025-10-16 14:37:15.464 [AUDIT] USER_ACTION - EventDataController - getLatest10Events - SUCCESS - Duration: 5ms
2025-10-16 14:37:15.559 [AUDIT] USER_ACTION - PostController - getLatest10Posts - SUCCESS - Duration: 60ms
2025-10-16 14:37:56.840 [AUDIT] USER_ACTION - FoodController - getLastMonth - SUCCESS - Duration: 0ms
2025-10-16 14:38:22.496 [AUDIT] USER_ACTION - SliderController - getLatestSliders - SUCCESS - Duration: 0ms
2025-10-16 14:38:22.516 [AUDIT] USER_ACTION - AnnouncementController - getLatest10Announcements - SUCCESS - Duration: 1ms
2025-10-16 14:38:22.516 [AUDIT] USER_ACTION - SliderController - getLatestSliders - SUCCESS - Duration: 0ms
2025-10-16 14:38:22.519 [AUDIT] USER_ACTION - FoodController - getFoodList - SUCCESS - Duration: 0ms
2025-10-16 14:38:22.519 [AUDIT] USER_ACTION - EventDataController - getLatest10Events - SUCCESS - Duration: 5ms
2025-10-16 14:38:22.599 [AUDIT] USER_ACTION - PostController - getLatest10Posts - SUCCESS - Duration: 62ms
2025-10-16 14:38:22.727 [AUDIT] USER_ACTION - FoodController - getFoodList - SUCCESS - Duration: 0ms
2025-10-16 14:38:23.083 [AUDIT] USER_ACTION - AnnouncementController - getLatest10Announcements - SUCCESS - Duration: 0ms
2025-10-16 14:38:23.159 [AUDIT] USER_ACTION - EventDataController - getLatest10Events - SUCCESS - Duration: 7ms
2025-10-16 14:38:23.261 [AUDIT] USER_ACTION - PostController - getLatest10Posts - SUCCESS - Duration: 63ms
2025-10-16 14:38:35.525 [AUDIT] USER_ACTION - SliderController - getLatestSliders - SUCCESS - Duration: 1ms
2025-10-16 14:38:35.527 [AUDIT] USER_ACTION - FoodController - getFoodList - SUCCESS - Duration: 1ms
2025-10-16 14:38:35.529 [AUDIT] USER_ACTION - SliderController - getLatestSliders - SUCCESS - Duration: 0ms
2025-10-16 14:38:35.532 [AUDIT] USER_ACTION - AnnouncementController - getLatest10Announcements - SUCCESS - Duration: 0ms
2025-10-16 14:38:35.532 [AUDIT] USER_ACTION - EventDataController - getLatest10Events - SUCCESS - Duration: 4ms
2025-10-16 14:38:35.603 [AUDIT] USER_ACTION - PostController - getLatest10Posts - SUCCESS - Duration: 62ms
2025-10-16 14:38:35.796 [AUDIT] USER_ACTION - FoodController - getFoodList - SUCCESS - Duration: 1ms
2025-10-16 14:38:36.289 [AUDIT] USER_ACTION - AnnouncementController - getLatest10Announcements - SUCCESS - Duration: 0ms
2025-10-16 14:38:36.501 [AUDIT] USER_ACTION - EventDataController - getLatest10Events - SUCCESS - Duration: 5ms
2025-10-16 14:38:36.590 [AUDIT] USER_ACTION - PostController - getLatest10Posts - SUCCESS - Duration: 61ms
2025-10-16 14:39:40.720 [AUDIT] USER_ACTION - SliderController - getLatestSliders - SUCCESS - Duration: 1ms
2025-10-16 14:39:40.720 [AUDIT] USER_ACTION - AnnouncementController - getLatest10Announcements - SUCCESS - Duration: 2ms
2025-10-16 14:39:40.725 [AUDIT] USER_ACTION - EventDataController - getLatest10Events - SUCCESS - Duration: 5ms
2025-10-16 14:39:40.737 [AUDIT] USER_ACTION - SliderController - getLatestSliders - SUCCESS - Duration: 0ms
2025-10-16 14:39:40.737 [AUDIT] USER_ACTION - FoodController - getFoodList - SUCCESS - Duration: 0ms
2025-10-16 14:39:40.808 [AUDIT] USER_ACTION - PostController - getLatest10Posts - SUCCESS - Duration: 63ms
2025-10-16 14:39:40.983 [AUDIT] USER_ACTION - FoodController - getFoodList - SUCCESS - Duration: 1ms
2025-10-16 14:39:41.351 [AUDIT] USER_ACTION - AnnouncementController - getLatest10Announcements - SUCCESS - Duration: 0ms
2025-10-16 14:39:41.402 [AUDIT] USER_ACTION - EventDataController - getLatest10Events - SUCCESS - Duration: 3ms
2025-10-16 14:39:41.492 [AUDIT] USER_ACTION - PostController - getLatest10Posts - SUCCESS - Duration: 61ms
2025-10-16 14:40:50.333 [AUDIT] USER_ACTION - SliderController - getLatestSliders - SUCCESS - Duration: 0ms
2025-10-16 14:40:50.333 [AUDIT] USER_ACTION - FoodController - getFoodList - SUCCESS - Duration: 1ms
2025-10-16 14:40:50.337 [AUDIT] USER_ACTION - AnnouncementController - getLatest10Announcements - SUCCESS - Duration: 0ms
2025-10-16 14:40:50.345 [AUDIT] USER_ACTION - EventDataController - getLatest10Events - SUCCESS - Duration: 4ms
2025-10-16 14:40:50.399 [AUDIT] USER_ACTION - PostController - getLatest10Posts - SUCCESS - Duration: 67ms
2025-10-16 14:51:29.098 [AUDIT] USER_ACTION - SliderController - getLatestSliders - SUCCESS - Duration: 3ms
2025-10-16 14:51:29.098 [AUDIT] USER_ACTION - AnnouncementController - getLatest10Announcements - SUCCESS - Duration: 1ms
2025-10-16 14:51:29.098 [AUDIT] USER_ACTION - FoodController - getFoodList - SUCCESS - Duration: 3ms
2025-10-16 14:51:29.104 [AUDIT] USER_ACTION - SliderController - getLatestSliders - SUCCESS - Duration: 0ms
2025-10-16 14:51:29.136 [AUDIT] USER_ACTION - EventDataController - getLatest10Events - SUCCESS - Duration: 11ms
2025-10-16 14:51:29.191 [AUDIT] USER_ACTION - PostController - getLatest10Posts - SUCCESS - Duration: 65ms
2025-10-16 14:51:29.262 [AUDIT] USER_ACTION - FoodController - getFoodList - SUCCESS - Duration: 1ms
2025-10-16 14:51:29.590 [AUDIT] USER_ACTION - AnnouncementController - getLatest10Announcements - SUCCESS - Duration: 0ms
2025-10-16 14:51:29.999 [AUDIT] USER_ACTION - EventDataController - getLatest10Events - SUCCESS - Duration: 8ms
2025-10-16 14:51:30.100 [AUDIT] USER_ACTION - PostController - getLatest10Posts - SUCCESS - Duration: 64ms
2025-10-16 15:03:15.130 [AUDIT] USER_ACTION - SliderController - getLatestSliders - SUCCESS - Duration: 4ms
2025-10-16 15:03:15.130 [AUDIT] USER_ACTION - SliderController - getLatestSliders - SUCCESS - Duration: 4ms
2025-10-16 15:03:15.130 [AUDIT] USER_ACTION - AnnouncementController - getLatest10Announcements - SUCCESS - Duration: 4ms
2025-10-16 15:03:15.145 [AUDIT] USER_ACTION - FoodController - getFoodList - SUCCESS - Duration: 3ms
2025-10-16 15:03:15.215 [AUDIT] USER_ACTION - EventDataController - getLatest10Events - SUCCESS - Duration: 90ms
2025-10-16 15:03:15.292 [AUDIT] USER_ACTION - FoodController - getFoodList - SUCCESS - Duration: 1ms
2025-10-16 15:03:15.325 [AUDIT] USER_ACTION - PostController - getLatest10Posts - SUCCESS - Duration: 113ms
2025-10-16 15:03:15.695 [AUDIT] USER_ACTION - AnnouncementController - getLatest10Announcements - SUCCESS - Duration: 0ms
2025-10-16 15:03:15.875 [AUDIT] USER_ACTION - EventDataController - getLatest10Events - SUCCESS - Duration: 45ms
2025-10-16 15:03:16.500 [AUDIT] USER_ACTION - PostController - getLatest10Posts - SUCCESS - Duration: 99ms
2025-10-16 15:03:27.349 [AUDIT] USER_ACTION - SliderController - getLatestSliders - SUCCESS - Duration: 2ms
2025-10-16 15:03:27.350 [AUDIT] USER_ACTION - FoodController - getFoodList - SUCCESS - Duration: 0ms
2025-10-16 15:03:27.354 [AUDIT] USER_ACTION - AnnouncementController - getLatest10Announcements - SUCCESS - Duration: 1ms
2025-10-16 15:03:27.357 [AUDIT] USER_ACTION - SliderController - getLatestSliders - SUCCESS - Duration: 8ms
2025-10-16 15:03:27.363 [AUDIT] USER_ACTION - EventDataController - getLatest10Events - SUCCESS - Duration: 7ms
2025-10-16 15:03:27.468 [AUDIT] USER_ACTION - PostController - getLatest10Posts - SUCCESS - Duration: 63ms
2025-10-16 15:03:27.643 [AUDIT] USER_ACTION - FoodController - getFoodList - SUCCESS - Duration: 0ms
2025-10-16 15:03:28.022 [AUDIT] USER_ACTION - AnnouncementController - getLatest10Announcements - SUCCESS - Duration: 0ms
2025-10-16 15:03:28.142 [AUDIT] USER_ACTION - EventDataController - getLatest10Events - SUCCESS - Duration: 5ms
2025-10-16 15:03:28.238 [AUDIT] USER_ACTION - PostController - getLatest10Posts - SUCCESS - Duration: 62ms
2025-10-16 15:05:32.972 [AUDIT] USER_ACTION - EventDataController - getLatest10Events - SUCCESS - Duration: 5ms
2025-10-16 15:05:32.975 [AUDIT] USER_ACTION - SliderController - getLatestSliders - SUCCESS - Duration: 10ms
2025-10-16 15:05:32.980 [AUDIT] USER_ACTION - FoodController - getFoodList - SUCCESS - Duration: 18ms
2025-10-16 15:05:32.984 [AUDIT] USER_ACTION - AnnouncementController - getLatest10Announcements - SUCCESS - Duration: 19ms
2025-10-16 15:05:33.024 [AUDIT] USER_ACTION - SliderController - getLatestSliders - SUCCESS - Duration: 51ms
2025-10-16 15:05:33.075 [AUDIT] USER_ACTION - PostController - getLatest10Posts - SUCCESS - Duration: 63ms
2025-10-16 15:05:33.238 [AUDIT] USER_ACTION - FoodController - getFoodList - SUCCESS - Duration: 0ms
2025-10-16 15:05:33.686 [AUDIT] USER_ACTION - AnnouncementController - getLatest10Announcements - SUCCESS - Duration: 1ms
2025-10-16 15:05:33.845 [AUDIT] USER_ACTION - EventDataController - getLatest10Events - SUCCESS - Duration: 6ms
2025-10-16 15:05:33.954 [AUDIT] USER_ACTION - PostController - getLatest10Posts - SUCCESS - Duration: 63ms
2025-10-16 15:07:48.125 [AUDIT] USER_ACTION - AnnouncementController - getLatest10Announcements - SUCCESS - Duration: 1ms
2025-10-16 15:07:48.125 [AUDIT] USER_ACTION - SliderController - getLatestSliders - SUCCESS - Duration: 0ms
2025-10-16 15:07:48.127 [AUDIT] USER_ACTION - FoodController - getFoodList - SUCCESS - Duration: 0ms
2025-10-16 15:07:48.136 [AUDIT] USER_ACTION - EventDataController - getLatest10Events - SUCCESS - Duration: 4ms
2025-10-16 15:07:48.150 [AUDIT] USER_ACTION - SliderController - getLatestSliders - SUCCESS - Duration: 0ms
2025-10-16 15:07:48.222 [AUDIT] USER_ACTION - PostController - getLatest10Posts - SUCCESS - Duration: 66ms
2025-10-16 15:07:48.377 [AUDIT] USER_ACTION - FoodController - getFoodList - SUCCESS - Duration: 1ms
2025-10-16 15:07:48.769 [AUDIT] USER_ACTION - AnnouncementController - getLatest10Announcements - SUCCESS - Duration: 0ms
2025-10-16 15:07:48.848 [AUDIT] USER_ACTION - EventDataController - getLatest10Events - SUCCESS - Duration: 9ms
2025-10-16 15:07:48.941 [AUDIT] USER_ACTION - PostController - getLatest10Posts - SUCCESS - Duration: 62ms
2025-10-16 15:09:51.109 [AUDIT] USER_ACTION - SliderController - getLatestSliders - SUCCESS - Duration: 0ms
2025-10-16 15:09:51.118 [AUDIT] USER_ACTION - AnnouncementController - getLatest10Announcements - SUCCESS - Duration: 0ms
2025-10-16 15:09:51.119 [AUDIT] USER_ACTION - SliderController - getLatestSliders - SUCCESS - Duration: 0ms
2025-10-16 15:09:51.121 [AUDIT] USER_ACTION - FoodController - getFoodList - SUCCESS - Duration: 0ms
2025-10-16 15:09:51.121 [AUDIT] USER_ACTION - EventDataController - getLatest10Events - SUCCESS - Duration: 4ms
2025-10-16 15:09:51.199 [AUDIT] USER_ACTION - PostController - getLatest10Posts - SUCCESS - Duration: 62ms
2025-10-16 15:09:51.319 [AUDIT] USER_ACTION - FoodController - getFoodList - SUCCESS - Duration: 1ms
2025-10-16 15:09:51.705 [AUDIT] USER_ACTION - AnnouncementController - getLatest10Announcements - SUCCESS - Duration: 0ms
2025-10-16 15:09:51.773 [AUDIT] USER_ACTION - EventDataController - getLatest10Events - SUCCESS - Duration: 5ms
2025-10-16 15:09:52.102 [AUDIT] USER_ACTION - PostController - getLatest10Posts - SUCCESS - Duration: 63ms
2025-10-16 15:10:07.923 [AUDIT] USER_ACTION - SliderController - getLatestSliders - SUCCESS - Duration: 0ms
2025-10-16 15:10:07.927 [AUDIT] USER_ACTION - SliderController - getLatestSliders - SUCCESS - Duration: 0ms
2025-10-16 15:10:07.929 [AUDIT] USER_ACTION - AnnouncementController - getLatest10Announcements - SUCCESS - Duration: 0ms
2025-10-16 15:10:07.934 [AUDIT] USER_ACTION - EventDataController - getLatest10Events - SUCCESS - Duration: 5ms
2025-10-16 15:10:07.938 [AUDIT] USER_ACTION - FoodController - getFoodList - SUCCESS - Duration: 0ms
2025-10-16 15:10:07.996 [AUDIT] USER_ACTION - PostController - getLatest10Posts - SUCCESS - Duration: 63ms
2025-10-16 15:10:08.113 [AUDIT] USER_ACTION - FoodController - getFoodList - SUCCESS - Duration: 0ms
2025-10-16 15:10:08.201 [AUDIT] USER_ACTION - AnnouncementController - getLatest10Announcements - SUCCESS - Duration: 0ms
2025-10-16 15:10:08.670 [AUDIT] USER_ACTION - EventDataController - getLatest10Events - SUCCESS - Duration: 4ms
2025-10-16 15:10:08.810 [AUDIT] USER_ACTION - PostController - getLatest10Posts - SUCCESS - Duration: 63ms
2025-10-16 15:12:10.569 [AUDIT] USER_ACTION - SliderController - getLatestSliders - SUCCESS - Duration: 0ms
2025-10-16 15:12:10.571 [AUDIT] USER_ACTION - SliderController - getLatestSliders - SUCCESS - Duration: 0ms
2025-10-16 15:12:10.588 [AUDIT] USER_ACTION - FoodController - getFoodList - SUCCESS - Duration: 0ms
2025-10-16 15:12:10.589 [AUDIT] USER_ACTION - AnnouncementController - getLatest10Announcements - SUCCESS - Duration: 0ms
2025-10-16 15:12:10.604 [AUDIT] USER_ACTION - EventDataController - getLatest10Events - SUCCESS - Duration: 5ms
2025-10-16 15:12:10.667 [AUDIT] USER_ACTION - PostController - getLatest10Posts - SUCCESS - Duration: 63ms
2025-10-16 15:12:10.806 [AUDIT] USER_ACTION - FoodController - getFoodList - SUCCESS - Duration: 0ms
2025-10-16 15:12:11.197 [AUDIT] USER_ACTION - AnnouncementController - getLatest10Announcements - SUCCESS - Duration: 1ms
2025-10-16 15:12:11.336 [AUDIT] USER_ACTION - EventDataController - getLatest10Events - SUCCESS - Duration: 5ms
2025-10-16 15:12:11.430 [AUDIT] USER_ACTION - PostController - getLatest10Posts - SUCCESS - Duration: 61ms
2025-10-16 15:12:31.018 [AUDIT] USER_ACTION - FoodController - getFoodList - SUCCESS - Duration: 0ms
2025-10-16 15:12:31.022 [AUDIT] USER_ACTION - SliderController - getLatestSliders - SUCCESS - Duration: 0ms
2025-10-16 15:12:31.023 [AUDIT] USER_ACTION - EventDataController - getLatest10Events - SUCCESS - Duration: 5ms
2025-10-16 15:12:31.033 [AUDIT] USER_ACTION - AnnouncementController - getLatest10Announcements - SUCCESS - Duration: 0ms
2025-10-16 15:12:31.083 [AUDIT] USER_ACTION - PostController - getLatest10Posts - SUCCESS - Duration: 62ms
2025-10-16 15:13:26.314 [AUDIT] USER_ACTION - FoodController - getFoodList - SUCCESS - Duration: 0ms
2025-10-16 15:13:26.315 [AUDIT] USER_ACTION - AnnouncementController - getLatest10Announcements - SUCCESS - Duration: 0ms
2025-10-16 15:13:26.319 [AUDIT] USER_ACTION - EventDataController - getLatest10Events - SUCCESS - Duration: 5ms
2025-10-16 15:13:26.319 [AUDIT] USER_ACTION - SliderController - getLatestSliders - SUCCESS - Duration: 0ms
2025-10-16 15:13:26.339 [AUDIT] USER_ACTION - SliderController - getLatestSliders - SUCCESS - Duration: 0ms
2025-10-16 15:13:26.407 [AUDIT] USER_ACTION - PostController - getLatest10Posts - SUCCESS - Duration: 65ms
2025-10-16 15:13:26.571 [AUDIT] USER_ACTION - FoodController - getFoodList - SUCCESS - Duration: 1ms
2025-10-16 15:13:27.105 [AUDIT] USER_ACTION - AnnouncementController - getLatest10Announcements - SUCCESS - Duration: 1ms
2025-10-16 15:13:27.151 [AUDIT] USER_ACTION - EventDataController - getLatest10Events - SUCCESS - Duration: 5ms
2025-10-16 15:13:27.240 [AUDIT] USER_ACTION - PostController - getLatest10Posts - SUCCESS - Duration: 62ms
2025-10-16 15:15:06.577 [AUDIT] USER_ACTION - SliderController - getLatestSliders - SUCCESS - Duration: 1ms
2025-10-16 15:15:06.584 [AUDIT] USER_ACTION - AnnouncementController - getLatest10Announcements - SUCCESS - Duration: 1ms
2025-10-16 15:15:06.584 [AUDIT] USER_ACTION - SliderController - getLatestSliders - SUCCESS - Duration: 0ms
2025-10-16 15:15:06.586 [AUDIT] USER_ACTION - EventDataController - getLatest10Events - SUCCESS - Duration: 4ms
2025-10-16 15:15:06.597 [AUDIT] USER_ACTION - FoodController - getFoodList - SUCCESS - Duration: 1ms
2025-10-16 15:15:06.674 [AUDIT] USER_ACTION - PostController - getLatest10Posts - SUCCESS - Duration: 63ms
2025-10-16 15:15:06.833 [AUDIT] USER_ACTION - FoodController - getFoodList - SUCCESS - Duration: 1ms
2025-10-16 15:15:07.277 [AUDIT] USER_ACTION - AnnouncementController - getLatest10Announcements - SUCCESS - Duration: 1ms
2025-10-16 15:15:07.319 [AUDIT] USER_ACTION - EventDataController - getLatest10Events - SUCCESS - Duration: 6ms
2025-10-16 15:15:07.411 [AUDIT] USER_ACTION - PostController - getLatest10Posts - SUCCESS - Duration: 63ms
