2025-10-20 11:44:22.811 [main] INFO  c.f.FoodAnnouncementsNewsEventServicesApplicationTests - Starting FoodAnnouncementsNewsEventServicesApplicationTests using Java 17.0.12 with PID 10952 (started by cdikici in C:\Users\cdikici\IdeaProjects\FoodAnnouncementsNewsEventServices)
2025-10-20 11:44:22.814 [main] INFO  c.f.FoodAnnouncementsNewsEventServicesApplicationTests - No active profile set, falling back to 1 default profile: "default"
2025-10-20 11:44:23.826 [main] INFO  o.s.d.r.c.RepositoryConfigurationDelegate - Bootstrapping Spring Data JPA repositories in DEFAULT mode.
2025-10-20 11:44:23.921 [main] INFO  o.s.d.r.c.RepositoryConfigurationDelegate - Finished Spring Data repository scanning in 83 ms. Found 2 JPA repository interfaces.
2025-10-20 11:44:24.752 [main] DEBUG com.zaxxer.hikari.HikariConfig - Driver class com.mysql.cj.jdbc.Driver found in Thread context class loader jdk.internal.loader.ClassLoaders$AppClassLoader@2a139a55
2025-10-20 11:44:25.006 [main] INFO  o.h.jpa.internal.util.LogHelper - HHH000204: Processing PersistenceUnitInfo [name: default]
2025-10-20 11:44:25.192 [main] INFO  org.hibernate.Version - HHH000412: Hibernate ORM core version 6.3.1.Final
2025-10-20 11:44:25.241 [main] INFO  o.h.c.i.RegionFactoryInitiator - HHH000026: Second-level cache disabled
2025-10-20 11:44:25.473 [main] INFO  o.s.o.j.p.SpringPersistenceUnitInfo - No LoadTimeWeaver setup: ignoring JPA class transformer
2025-10-20 11:44:25.494 [main] DEBUG com.zaxxer.hikari.HikariConfig - HikariPool-1 - configuration:
2025-10-20 11:44:25.499 [main] DEBUG com.zaxxer.hikari.HikariConfig - allowPoolSuspension.............false
2025-10-20 11:44:25.501 [main] DEBUG com.zaxxer.hikari.HikariConfig - autoCommit......................true
2025-10-20 11:44:25.501 [main] DEBUG com.zaxxer.hikari.HikariConfig - catalog.........................none
2025-10-20 11:44:25.501 [main] DEBUG com.zaxxer.hikari.HikariConfig - connectionInitSql...............none
2025-10-20 11:44:25.501 [main] DEBUG com.zaxxer.hikari.HikariConfig - connectionTestQuery.............none
2025-10-20 11:44:25.501 [main] DEBUG com.zaxxer.hikari.HikariConfig - connectionTimeout...............30000
2025-10-20 11:44:25.502 [main] DEBUG com.zaxxer.hikari.HikariConfig - dataSource......................none
2025-10-20 11:44:25.502 [main] DEBUG com.zaxxer.hikari.HikariConfig - dataSourceClassName.............none
2025-10-20 11:44:25.502 [main] DEBUG com.zaxxer.hikari.HikariConfig - dataSourceJNDI..................none
2025-10-20 11:44:25.502 [main] DEBUG com.zaxxer.hikari.HikariConfig - dataSourceProperties............{password=<masked>}
2025-10-20 11:44:25.502 [main] DEBUG com.zaxxer.hikari.HikariConfig - driverClassName................."com.mysql.cj.jdbc.Driver"
2025-10-20 11:44:25.504 [main] DEBUG com.zaxxer.hikari.HikariConfig - exceptionOverrideClassName......none
2025-10-20 11:44:25.504 [main] DEBUG com.zaxxer.hikari.HikariConfig - healthCheckProperties...........{}
2025-10-20 11:44:25.504 [main] DEBUG com.zaxxer.hikari.HikariConfig - healthCheckRegistry.............none
2025-10-20 11:44:25.504 [main] DEBUG com.zaxxer.hikari.HikariConfig - idleTimeout.....................600000
2025-10-20 11:44:25.504 [main] DEBUG com.zaxxer.hikari.HikariConfig - initializationFailTimeout.......1
2025-10-20 11:44:25.505 [main] DEBUG com.zaxxer.hikari.HikariConfig - isolateInternalQueries..........false
2025-10-20 11:44:25.505 [main] DEBUG com.zaxxer.hikari.HikariConfig - jdbcUrl.........................jdbc:mysql://193.140.136.11:3306/duyuru
2025-10-20 11:44:25.505 [main] DEBUG com.zaxxer.hikari.HikariConfig - keepaliveTime...................0
2025-10-20 11:44:25.505 [main] DEBUG com.zaxxer.hikari.HikariConfig - leakDetectionThreshold..........0
2025-10-20 11:44:25.505 [main] DEBUG com.zaxxer.hikari.HikariConfig - maxLifetime.....................1800000
2025-10-20 11:44:25.505 [main] DEBUG com.zaxxer.hikari.HikariConfig - maximumPoolSize.................10
2025-10-20 11:44:25.506 [main] DEBUG com.zaxxer.hikari.HikariConfig - metricRegistry..................none
2025-10-20 11:44:25.506 [main] DEBUG com.zaxxer.hikari.HikariConfig - metricsTrackerFactory...........none
2025-10-20 11:44:25.506 [main] DEBUG com.zaxxer.hikari.HikariConfig - minimumIdle.....................10
2025-10-20 11:44:25.506 [main] DEBUG com.zaxxer.hikari.HikariConfig - password........................<masked>
2025-10-20 11:44:25.506 [main] DEBUG com.zaxxer.hikari.HikariConfig - poolName........................"HikariPool-1"
2025-10-20 11:44:25.506 [main] DEBUG com.zaxxer.hikari.HikariConfig - readOnly........................false
2025-10-20 11:44:25.506 [main] DEBUG com.zaxxer.hikari.HikariConfig - registerMbeans..................false
2025-10-20 11:44:25.508 [main] DEBUG com.zaxxer.hikari.HikariConfig - scheduledExecutor...............none
2025-10-20 11:44:25.508 [main] DEBUG com.zaxxer.hikari.HikariConfig - schema..........................none
2025-10-20 11:44:25.508 [main] DEBUG com.zaxxer.hikari.HikariConfig - threadFactory...................internal
2025-10-20 11:44:25.508 [main] DEBUG com.zaxxer.hikari.HikariConfig - transactionIsolation............default
2025-10-20 11:44:25.508 [main] DEBUG com.zaxxer.hikari.HikariConfig - username........................"mobiluser11"
2025-10-20 11:44:25.508 [main] DEBUG com.zaxxer.hikari.HikariConfig - validationTimeout...............5000
2025-10-20 11:44:25.508 [main] INFO  com.zaxxer.hikari.HikariDataSource - HikariPool-1 - Starting...
2025-10-20 11:44:25.633 [main] INFO  com.zaxxer.hikari.pool.HikariPool - HikariPool-1 - Added connection com.mysql.cj.jdbc.ConnectionImpl@2dc73024
2025-10-20 11:44:25.634 [main] INFO  com.zaxxer.hikari.HikariDataSource - HikariPool-1 - Start completed.
2025-10-20 11:44:25.654 [main] WARN  org.hibernate.orm.deprecation - HHH90000025: MySQL8Dialect does not need to be specified explicitly using 'hibernate.dialect' (remove the property setting and it will be selected by default)
2025-10-20 11:44:25.655 [main] WARN  org.hibernate.orm.deprecation - HHH90000026: MySQL8Dialect has been deprecated; use org.hibernate.dialect.MySQLDialect instead
2025-10-20 11:44:25.748 [HikariPool-1 housekeeper] DEBUG com.zaxxer.hikari.pool.HikariPool - HikariPool-1 - Pool stats (total=1, active=0, idle=1, waiting=0)
2025-10-20 11:44:25.757 [HikariPool-1 connection adder] DEBUG com.zaxxer.hikari.pool.HikariPool - HikariPool-1 - Added connection com.mysql.cj.jdbc.ConnectionImpl@470112e
2025-10-20 11:44:25.785 [HikariPool-1 connection adder] DEBUG com.zaxxer.hikari.pool.HikariPool - HikariPool-1 - Added connection com.mysql.cj.jdbc.ConnectionImpl@454d1b15
2025-10-20 11:44:25.816 [HikariPool-1 connection adder] DEBUG com.zaxxer.hikari.pool.HikariPool - HikariPool-1 - Added connection com.mysql.cj.jdbc.ConnectionImpl@74427c42
2025-10-20 11:44:25.846 [HikariPool-1 connection adder] DEBUG com.zaxxer.hikari.pool.HikariPool - HikariPool-1 - Added connection com.mysql.cj.jdbc.ConnectionImpl@2562e45a
2025-10-20 11:44:25.876 [HikariPool-1 connection adder] DEBUG com.zaxxer.hikari.pool.HikariPool - HikariPool-1 - Added connection com.mysql.cj.jdbc.ConnectionImpl@4dc5ec38
2025-10-20 11:44:25.892 [HikariPool-1 connection adder] DEBUG com.zaxxer.hikari.pool.HikariPool - HikariPool-1 - Added connection com.mysql.cj.jdbc.ConnectionImpl@212c3d99
2025-10-20 11:44:25.921 [HikariPool-1 connection adder] DEBUG com.zaxxer.hikari.pool.HikariPool - HikariPool-1 - Added connection com.mysql.cj.jdbc.ConnectionImpl@78f90fac
2025-10-20 11:44:25.939 [HikariPool-1 connection adder] DEBUG com.zaxxer.hikari.pool.HikariPool - HikariPool-1 - Added connection com.mysql.cj.jdbc.ConnectionImpl@591a0f5b
2025-10-20 11:44:25.971 [HikariPool-1 connection adder] DEBUG com.zaxxer.hikari.pool.HikariPool - HikariPool-1 - Added connection com.mysql.cj.jdbc.ConnectionImpl@fd09c44
2025-10-20 11:44:25.996 [HikariPool-1 connection adder] DEBUG com.zaxxer.hikari.pool.HikariPool - HikariPool-1 - After adding stats (total=10, active=0, idle=10, waiting=0)
2025-10-20 11:44:26.276 [main] INFO  o.h.e.t.j.p.i.JtaPlatformInitiator - HHH000489: No JTA platform available (set 'hibernate.transaction.jta.platform' to enable JTA platform integration)
2025-10-20 11:44:26.278 [main] INFO  o.s.o.j.LocalContainerEntityManagerFactoryBean - Initialized JPA EntityManagerFactory for persistence unit 'default'
2025-10-20 11:44:27.781 [main] DEBUG com.zaxxer.hikari.HikariConfig - Driver class com.mysql.cj.jdbc.Driver found in Thread context class loader jdk.internal.loader.ClassLoaders$AppClassLoader@2a139a55
2025-10-20 11:44:27.828 [main] DEBUG com.zaxxer.hikari.HikariConfig - Driver class com.mysql.cj.jdbc.Driver found in Thread context class loader jdk.internal.loader.ClassLoaders$AppClassLoader@2a139a55
2025-10-20 11:44:28.612 [main] WARN  o.s.b.a.o.j.JpaBaseConfiguration$JpaWebConfiguration - spring.jpa.open-in-view is enabled by default. Therefore, database queries may be performed during view rendering. Explicitly configure spring.jpa.open-in-view to disable this warning
2025-10-20 11:44:30.416 [main] INFO  o.s.b.a.e.web.EndpointLinksResolver - Exposing 4 endpoint(s) beneath base path '/actuator'
2025-10-20 11:44:30.533 [main] INFO  c.f.FoodAnnouncementsNewsEventServicesApplicationTests - Started FoodAnnouncementsNewsEventServicesApplicationTests in 8.055 seconds (process running for 8.872)
2025-10-20 11:44:30.990 [SpringApplicationShutdownHook] INFO  o.s.o.j.LocalContainerEntityManagerFactoryBean - Closing JPA EntityManagerFactory for persistence unit 'default'
2025-10-20 11:44:30.991 [SpringApplicationShutdownHook] INFO  com.zaxxer.hikari.HikariDataSource - HikariPool-1 - Shutdown initiated...
2025-10-20 11:44:30.991 [SpringApplicationShutdownHook] DEBUG com.zaxxer.hikari.pool.HikariPool - HikariPool-1 - Before shutdown stats (total=10, active=0, idle=10, waiting=0)
2025-10-20 11:44:30.993 [HikariPool-1 connection closer] DEBUG com.zaxxer.hikari.pool.PoolBase - HikariPool-1 - Closing connection com.mysql.cj.jdbc.ConnectionImpl@2dc73024: (connection evicted)
2025-10-20 11:44:30.999 [HikariPool-1 connection closer] DEBUG com.zaxxer.hikari.pool.PoolBase - HikariPool-1 - Closing connection com.mysql.cj.jdbc.ConnectionImpl@470112e: (connection evicted)
2025-10-20 11:44:30.999 [HikariPool-1 connection closer] DEBUG com.zaxxer.hikari.pool.PoolBase - HikariPool-1 - Closing connection com.mysql.cj.jdbc.ConnectionImpl@454d1b15: (connection evicted)
2025-10-20 11:44:30.999 [HikariPool-1 connection closer] DEBUG com.zaxxer.hikari.pool.PoolBase - HikariPool-1 - Closing connection com.mysql.cj.jdbc.ConnectionImpl@74427c42: (connection evicted)
2025-10-20 11:44:31.000 [HikariPool-1 connection closer] DEBUG com.zaxxer.hikari.pool.PoolBase - HikariPool-1 - Closing connection com.mysql.cj.jdbc.ConnectionImpl@2562e45a: (connection evicted)
2025-10-20 11:44:31.000 [HikariPool-1 connection closer] DEBUG com.zaxxer.hikari.pool.PoolBase - HikariPool-1 - Closing connection com.mysql.cj.jdbc.ConnectionImpl@4dc5ec38: (connection evicted)
2025-10-20 11:44:31.000 [HikariPool-1 connection closer] DEBUG com.zaxxer.hikari.pool.PoolBase - HikariPool-1 - Closing connection com.mysql.cj.jdbc.ConnectionImpl@212c3d99: (connection evicted)
2025-10-20 11:44:31.000 [HikariPool-1 connection closer] DEBUG com.zaxxer.hikari.pool.PoolBase - HikariPool-1 - Closing connection com.mysql.cj.jdbc.ConnectionImpl@78f90fac: (connection evicted)
2025-10-20 11:44:31.000 [HikariPool-1 connection closer] DEBUG com.zaxxer.hikari.pool.PoolBase - HikariPool-1 - Closing connection com.mysql.cj.jdbc.ConnectionImpl@591a0f5b: (connection evicted)
2025-10-20 11:44:31.001 [HikariPool-1 connection closer] DEBUG com.zaxxer.hikari.pool.PoolBase - HikariPool-1 - Closing connection com.mysql.cj.jdbc.ConnectionImpl@fd09c44: (connection evicted)
2025-10-20 11:44:31.001 [SpringApplicationShutdownHook] DEBUG com.zaxxer.hikari.pool.HikariPool - HikariPool-1 - After shutdown stats (total=0, active=0, idle=0, waiting=0)
2025-10-20 11:44:31.001 [SpringApplicationShutdownHook] INFO  com.zaxxer.hikari.HikariDataSource - HikariPool-1 - Shutdown completed.
2025-10-20 11:48:18.858 [main] INFO  c.f.FoodAnnouncementsNewsEventServicesApplicationTests - Starting FoodAnnouncementsNewsEventServicesApplicationTests using Java 17.0.12 with PID 23316 (started by cdikici in C:\Users\cdikici\IdeaProjects\FoodAnnouncementsNewsEventServices)
2025-10-20 11:48:18.861 [main] INFO  c.f.FoodAnnouncementsNewsEventServicesApplicationTests - No active profile set, falling back to 1 default profile: "default"
2025-10-20 11:48:19.819 [main] INFO  o.s.d.r.c.RepositoryConfigurationDelegate - Bootstrapping Spring Data JPA repositories in DEFAULT mode.
2025-10-20 11:48:19.906 [main] INFO  o.s.d.r.c.RepositoryConfigurationDelegate - Finished Spring Data repository scanning in 74 ms. Found 2 JPA repository interfaces.
2025-10-20 11:48:20.700 [main] DEBUG com.zaxxer.hikari.HikariConfig - Driver class com.mysql.cj.jdbc.Driver found in Thread context class loader jdk.internal.loader.ClassLoaders$AppClassLoader@2a139a55
2025-10-20 11:48:20.957 [main] INFO  o.h.jpa.internal.util.LogHelper - HHH000204: Processing PersistenceUnitInfo [name: default]
2025-10-20 11:48:21.127 [main] INFO  org.hibernate.Version - HHH000412: Hibernate ORM core version 6.3.1.Final
2025-10-20 11:48:21.159 [main] INFO  o.h.c.i.RegionFactoryInitiator - HHH000026: Second-level cache disabled
2025-10-20 11:48:21.363 [main] INFO  o.s.o.j.p.SpringPersistenceUnitInfo - No LoadTimeWeaver setup: ignoring JPA class transformer
2025-10-20 11:48:21.385 [main] DEBUG com.zaxxer.hikari.HikariConfig - HikariPool-1 - configuration:
2025-10-20 11:48:21.387 [main] DEBUG com.zaxxer.hikari.HikariConfig - allowPoolSuspension.............false
2025-10-20 11:48:21.388 [main] DEBUG com.zaxxer.hikari.HikariConfig - autoCommit......................true
2025-10-20 11:48:21.388 [main] DEBUG com.zaxxer.hikari.HikariConfig - catalog.........................none
2025-10-20 11:48:21.388 [main] DEBUG com.zaxxer.hikari.HikariConfig - connectionInitSql...............none
2025-10-20 11:48:21.390 [main] DEBUG com.zaxxer.hikari.HikariConfig - connectionTestQuery.............none
2025-10-20 11:48:21.390 [main] DEBUG com.zaxxer.hikari.HikariConfig - connectionTimeout...............30000
2025-10-20 11:48:21.390 [main] DEBUG com.zaxxer.hikari.HikariConfig - dataSource......................none
2025-10-20 11:48:21.390 [main] DEBUG com.zaxxer.hikari.HikariConfig - dataSourceClassName.............none
2025-10-20 11:48:21.390 [main] DEBUG com.zaxxer.hikari.HikariConfig - dataSourceJNDI..................none
2025-10-20 11:48:21.391 [main] DEBUG com.zaxxer.hikari.HikariConfig - dataSourceProperties............{password=<masked>}
2025-10-20 11:48:21.391 [main] DEBUG com.zaxxer.hikari.HikariConfig - driverClassName................."com.mysql.cj.jdbc.Driver"
2025-10-20 11:48:21.391 [main] DEBUG com.zaxxer.hikari.HikariConfig - exceptionOverrideClassName......none
2025-10-20 11:48:21.391 [main] DEBUG com.zaxxer.hikari.HikariConfig - healthCheckProperties...........{}
2025-10-20 11:48:21.391 [main] DEBUG com.zaxxer.hikari.HikariConfig - healthCheckRegistry.............none
2025-10-20 11:48:21.393 [main] DEBUG com.zaxxer.hikari.HikariConfig - idleTimeout.....................600000
2025-10-20 11:48:21.393 [main] DEBUG com.zaxxer.hikari.HikariConfig - initializationFailTimeout.......1
2025-10-20 11:48:21.393 [main] DEBUG com.zaxxer.hikari.HikariConfig - isolateInternalQueries..........false
2025-10-20 11:48:21.393 [main] DEBUG com.zaxxer.hikari.HikariConfig - jdbcUrl.........................jdbc:mysql://193.140.136.11:3306/duyuru
2025-10-20 11:48:21.394 [main] DEBUG com.zaxxer.hikari.HikariConfig - keepaliveTime...................0
2025-10-20 11:48:21.394 [main] DEBUG com.zaxxer.hikari.HikariConfig - leakDetectionThreshold..........0
2025-10-20 11:48:21.394 [main] DEBUG com.zaxxer.hikari.HikariConfig - maxLifetime.....................1800000
2025-10-20 11:48:21.394 [main] DEBUG com.zaxxer.hikari.HikariConfig - maximumPoolSize.................10
2025-10-20 11:48:21.394 [main] DEBUG com.zaxxer.hikari.HikariConfig - metricRegistry..................none
2025-10-20 11:48:21.395 [main] DEBUG com.zaxxer.hikari.HikariConfig - metricsTrackerFactory...........none
2025-10-20 11:48:21.395 [main] DEBUG com.zaxxer.hikari.HikariConfig - minimumIdle.....................10
2025-10-20 11:48:21.395 [main] DEBUG com.zaxxer.hikari.HikariConfig - password........................<masked>
2025-10-20 11:48:21.395 [main] DEBUG com.zaxxer.hikari.HikariConfig - poolName........................"HikariPool-1"
2025-10-20 11:48:21.396 [main] DEBUG com.zaxxer.hikari.HikariConfig - readOnly........................false
2025-10-20 11:48:21.396 [main] DEBUG com.zaxxer.hikari.HikariConfig - registerMbeans..................false
2025-10-20 11:48:21.396 [main] DEBUG com.zaxxer.hikari.HikariConfig - scheduledExecutor...............none
2025-10-20 11:48:21.396 [main] DEBUG com.zaxxer.hikari.HikariConfig - schema..........................none
2025-10-20 11:48:21.396 [main] DEBUG com.zaxxer.hikari.HikariConfig - threadFactory...................internal
2025-10-20 11:48:21.396 [main] DEBUG com.zaxxer.hikari.HikariConfig - transactionIsolation............default
2025-10-20 11:48:21.396 [main] DEBUG com.zaxxer.hikari.HikariConfig - username........................"mobiluser11"
2025-10-20 11:48:21.397 [main] DEBUG com.zaxxer.hikari.HikariConfig - validationTimeout...............5000
2025-10-20 11:48:21.397 [main] INFO  com.zaxxer.hikari.HikariDataSource - HikariPool-1 - Starting...
2025-10-20 11:48:21.508 [main] INFO  com.zaxxer.hikari.pool.HikariPool - HikariPool-1 - Added connection com.mysql.cj.jdbc.ConnectionImpl@5b55c3d6
2025-10-20 11:48:21.510 [main] INFO  com.zaxxer.hikari.HikariDataSource - HikariPool-1 - Start completed.
2025-10-20 11:48:21.525 [main] WARN  org.hibernate.orm.deprecation - HHH90000025: MySQL8Dialect does not need to be specified explicitly using 'hibernate.dialect' (remove the property setting and it will be selected by default)
2025-10-20 11:48:21.526 [main] WARN  org.hibernate.orm.deprecation - HHH90000026: MySQL8Dialect has been deprecated; use org.hibernate.dialect.MySQLDialect instead
2025-10-20 11:48:21.613 [HikariPool-1 housekeeper] DEBUG com.zaxxer.hikari.pool.HikariPool - HikariPool-1 - Pool stats (total=1, active=0, idle=1, waiting=0)
2025-10-20 11:48:21.622 [HikariPool-1 connection adder] DEBUG com.zaxxer.hikari.pool.HikariPool - HikariPool-1 - Added connection com.mysql.cj.jdbc.ConnectionImpl@4bc5ed4f
2025-10-20 11:48:21.650 [HikariPool-1 connection adder] DEBUG com.zaxxer.hikari.pool.HikariPool - HikariPool-1 - Added connection com.mysql.cj.jdbc.ConnectionImpl@af8e774
2025-10-20 11:48:21.682 [HikariPool-1 connection adder] DEBUG com.zaxxer.hikari.pool.HikariPool - HikariPool-1 - Added connection com.mysql.cj.jdbc.ConnectionImpl@3bb86a73
2025-10-20 11:48:21.713 [HikariPool-1 connection adder] DEBUG com.zaxxer.hikari.pool.HikariPool - HikariPool-1 - Added connection com.mysql.cj.jdbc.ConnectionImpl@6ad7183b
2025-10-20 11:48:21.745 [HikariPool-1 connection adder] DEBUG com.zaxxer.hikari.pool.HikariPool - HikariPool-1 - Added connection com.mysql.cj.jdbc.ConnectionImpl@57285323
2025-10-20 11:48:21.775 [HikariPool-1 connection adder] DEBUG com.zaxxer.hikari.pool.HikariPool - HikariPool-1 - Added connection com.mysql.cj.jdbc.ConnectionImpl@6e998655
2025-10-20 11:48:21.806 [HikariPool-1 connection adder] DEBUG com.zaxxer.hikari.pool.HikariPool - HikariPool-1 - Added connection com.mysql.cj.jdbc.ConnectionImpl@e89c439
2025-10-20 11:48:21.836 [HikariPool-1 connection adder] DEBUG com.zaxxer.hikari.pool.HikariPool - HikariPool-1 - Added connection com.mysql.cj.jdbc.ConnectionImpl@7a32c05e
2025-10-20 11:48:21.853 [HikariPool-1 connection adder] DEBUG com.zaxxer.hikari.pool.HikariPool - HikariPool-1 - Added connection com.mysql.cj.jdbc.ConnectionImpl@486c3314
2025-10-20 11:48:21.877 [HikariPool-1 connection adder] DEBUG com.zaxxer.hikari.pool.HikariPool - HikariPool-1 - After adding stats (total=10, active=0, idle=10, waiting=0)
2025-10-20 11:48:22.072 [main] INFO  o.h.e.t.j.p.i.JtaPlatformInitiator - HHH000489: No JTA platform available (set 'hibernate.transaction.jta.platform' to enable JTA platform integration)
2025-10-20 11:48:22.074 [main] INFO  o.s.o.j.LocalContainerEntityManagerFactoryBean - Initialized JPA EntityManagerFactory for persistence unit 'default'
2025-10-20 11:48:23.634 [main] DEBUG com.zaxxer.hikari.HikariConfig - Driver class com.mysql.cj.jdbc.Driver found in Thread context class loader jdk.internal.loader.ClassLoaders$AppClassLoader@2a139a55
2025-10-20 11:48:23.695 [main] DEBUG com.zaxxer.hikari.HikariConfig - Driver class com.mysql.cj.jdbc.Driver found in Thread context class loader jdk.internal.loader.ClassLoaders$AppClassLoader@2a139a55
2025-10-20 11:48:24.463 [main] WARN  o.s.b.a.o.j.JpaBaseConfiguration$JpaWebConfiguration - spring.jpa.open-in-view is enabled by default. Therefore, database queries may be performed during view rendering. Explicitly configure spring.jpa.open-in-view to disable this warning
2025-10-20 11:48:26.432 [main] INFO  o.s.b.a.e.web.EndpointLinksResolver - Exposing 4 endpoint(s) beneath base path '/actuator'
2025-10-20 11:48:26.580 [main] INFO  c.f.FoodAnnouncementsNewsEventServicesApplicationTests - Started FoodAnnouncementsNewsEventServicesApplicationTests in 8.037 seconds (process running for 8.729)
2025-10-20 11:48:27.121 [SpringApplicationShutdownHook] INFO  o.s.o.j.LocalContainerEntityManagerFactoryBean - Closing JPA EntityManagerFactory for persistence unit 'default'
2025-10-20 11:48:27.123 [SpringApplicationShutdownHook] INFO  com.zaxxer.hikari.HikariDataSource - HikariPool-1 - Shutdown initiated...
2025-10-20 11:48:27.123 [SpringApplicationShutdownHook] DEBUG com.zaxxer.hikari.pool.HikariPool - HikariPool-1 - Before shutdown stats (total=10, active=0, idle=10, waiting=0)
2025-10-20 11:48:27.125 [HikariPool-1 connection closer] DEBUG com.zaxxer.hikari.pool.PoolBase - HikariPool-1 - Closing connection com.mysql.cj.jdbc.ConnectionImpl@5b55c3d6: (connection evicted)
2025-10-20 11:48:27.132 [HikariPool-1 connection closer] DEBUG com.zaxxer.hikari.pool.PoolBase - HikariPool-1 - Closing connection com.mysql.cj.jdbc.ConnectionImpl@4bc5ed4f: (connection evicted)
2025-10-20 11:48:27.132 [HikariPool-1 connection closer] DEBUG com.zaxxer.hikari.pool.PoolBase - HikariPool-1 - Closing connection com.mysql.cj.jdbc.ConnectionImpl@af8e774: (connection evicted)
2025-10-20 11:48:27.132 [HikariPool-1 connection closer] DEBUG com.zaxxer.hikari.pool.PoolBase - HikariPool-1 - Closing connection com.mysql.cj.jdbc.ConnectionImpl@3bb86a73: (connection evicted)
2025-10-20 11:48:27.132 [HikariPool-1 connection closer] DEBUG com.zaxxer.hikari.pool.PoolBase - HikariPool-1 - Closing connection com.mysql.cj.jdbc.ConnectionImpl@6ad7183b: (connection evicted)
2025-10-20 11:48:27.132 [HikariPool-1 connection closer] DEBUG com.zaxxer.hikari.pool.PoolBase - HikariPool-1 - Closing connection com.mysql.cj.jdbc.ConnectionImpl@57285323: (connection evicted)
2025-10-20 11:48:27.132 [HikariPool-1 connection closer] DEBUG com.zaxxer.hikari.pool.PoolBase - HikariPool-1 - Closing connection com.mysql.cj.jdbc.ConnectionImpl@6e998655: (connection evicted)
2025-10-20 11:48:27.132 [HikariPool-1 connection closer] DEBUG com.zaxxer.hikari.pool.PoolBase - HikariPool-1 - Closing connection com.mysql.cj.jdbc.ConnectionImpl@e89c439: (connection evicted)
2025-10-20 11:48:27.132 [HikariPool-1 connection closer] DEBUG com.zaxxer.hikari.pool.PoolBase - HikariPool-1 - Closing connection com.mysql.cj.jdbc.ConnectionImpl@7a32c05e: (connection evicted)
2025-10-20 11:48:27.133 [HikariPool-1 connection closer] DEBUG com.zaxxer.hikari.pool.PoolBase - HikariPool-1 - Closing connection com.mysql.cj.jdbc.ConnectionImpl@486c3314: (connection evicted)
2025-10-20 11:48:27.133 [SpringApplicationShutdownHook] DEBUG com.zaxxer.hikari.pool.HikariPool - HikariPool-1 - After shutdown stats (total=0, active=0, idle=0, waiting=0)
2025-10-20 11:48:27.133 [SpringApplicationShutdownHook] INFO  com.zaxxer.hikari.HikariDataSource - HikariPool-1 - Shutdown completed.
2025-10-20 12:04:12.923 [main] INFO  c.f.FoodAnnouncementsNewsEventServicesApplicationTests - Starting FoodAnnouncementsNewsEventServicesApplicationTests using Java 17.0.12 with PID 23140 (started by cdikici in C:\Users\cdikici\IdeaProjects\FoodAnnouncementsNewsEventServices)
2025-10-20 12:04:12.925 [main] INFO  c.f.FoodAnnouncementsNewsEventServicesApplicationTests - No active profile set, falling back to 1 default profile: "default"
2025-10-20 12:04:14.206 [main] INFO  o.s.d.r.c.RepositoryConfigurationDelegate - Bootstrapping Spring Data JPA repositories in DEFAULT mode.
2025-10-20 12:04:14.284 [main] INFO  o.s.d.r.c.RepositoryConfigurationDelegate - Finished Spring Data repository scanning in 66 ms. Found 2 JPA repository interfaces.
2025-10-20 12:04:15.005 [main] DEBUG com.zaxxer.hikari.HikariConfig - Driver class com.mysql.cj.jdbc.Driver found in Thread context class loader jdk.internal.loader.ClassLoaders$AppClassLoader@2a139a55
2025-10-20 12:04:15.310 [main] INFO  o.h.jpa.internal.util.LogHelper - HHH000204: Processing PersistenceUnitInfo [name: default]
2025-10-20 12:04:15.487 [main] INFO  org.hibernate.Version - HHH000412: Hibernate ORM core version 6.3.1.Final
2025-10-20 12:04:15.559 [main] INFO  o.h.c.i.RegionFactoryInitiator - HHH000026: Second-level cache disabled
2025-10-20 12:04:15.805 [main] INFO  o.s.o.j.p.SpringPersistenceUnitInfo - No LoadTimeWeaver setup: ignoring JPA class transformer
2025-10-20 12:04:15.824 [main] DEBUG com.zaxxer.hikari.HikariConfig - HikariPool-1 - configuration:
2025-10-20 12:04:15.828 [main] DEBUG com.zaxxer.hikari.HikariConfig - allowPoolSuspension.............false
2025-10-20 12:04:15.829 [main] DEBUG com.zaxxer.hikari.HikariConfig - autoCommit......................true
2025-10-20 12:04:15.830 [main] DEBUG com.zaxxer.hikari.HikariConfig - catalog.........................none
2025-10-20 12:04:15.830 [main] DEBUG com.zaxxer.hikari.HikariConfig - connectionInitSql...............none
2025-10-20 12:04:15.831 [main] DEBUG com.zaxxer.hikari.HikariConfig - connectionTestQuery.............none
2025-10-20 12:04:15.831 [main] DEBUG com.zaxxer.hikari.HikariConfig - connectionTimeout...............30000
2025-10-20 12:04:15.831 [main] DEBUG com.zaxxer.hikari.HikariConfig - dataSource......................none
2025-10-20 12:04:15.831 [main] DEBUG com.zaxxer.hikari.HikariConfig - dataSourceClassName.............none
2025-10-20 12:04:15.833 [main] DEBUG com.zaxxer.hikari.HikariConfig - dataSourceJNDI..................none
2025-10-20 12:04:15.833 [main] DEBUG com.zaxxer.hikari.HikariConfig - dataSourceProperties............{password=<masked>}
2025-10-20 12:04:15.833 [main] DEBUG com.zaxxer.hikari.HikariConfig - driverClassName................."com.mysql.cj.jdbc.Driver"
2025-10-20 12:04:15.833 [main] DEBUG com.zaxxer.hikari.HikariConfig - exceptionOverrideClassName......none
2025-10-20 12:04:15.833 [main] DEBUG com.zaxxer.hikari.HikariConfig - healthCheckProperties...........{}
2025-10-20 12:04:15.833 [main] DEBUG com.zaxxer.hikari.HikariConfig - healthCheckRegistry.............none
2025-10-20 12:04:15.833 [main] DEBUG com.zaxxer.hikari.HikariConfig - idleTimeout.....................600000
2025-10-20 12:04:15.834 [main] DEBUG com.zaxxer.hikari.HikariConfig - initializationFailTimeout.......1
2025-10-20 12:04:15.834 [main] DEBUG com.zaxxer.hikari.HikariConfig - isolateInternalQueries..........false
2025-10-20 12:04:15.834 [main] DEBUG com.zaxxer.hikari.HikariConfig - jdbcUrl.........................jdbc:mysql://193.140.136.11:3306/duyuru
2025-10-20 12:04:15.835 [main] DEBUG com.zaxxer.hikari.HikariConfig - keepaliveTime...................0
2025-10-20 12:04:15.835 [main] DEBUG com.zaxxer.hikari.HikariConfig - leakDetectionThreshold..........0
2025-10-20 12:04:15.835 [main] DEBUG com.zaxxer.hikari.HikariConfig - maxLifetime.....................1800000
2025-10-20 12:04:15.835 [main] DEBUG com.zaxxer.hikari.HikariConfig - maximumPoolSize.................10
2025-10-20 12:04:15.836 [main] DEBUG com.zaxxer.hikari.HikariConfig - metricRegistry..................none
2025-10-20 12:04:15.836 [main] DEBUG com.zaxxer.hikari.HikariConfig - metricsTrackerFactory...........none
2025-10-20 12:04:15.836 [main] DEBUG com.zaxxer.hikari.HikariConfig - minimumIdle.....................10
2025-10-20 12:04:15.837 [main] DEBUG com.zaxxer.hikari.HikariConfig - password........................<masked>
2025-10-20 12:04:15.837 [main] DEBUG com.zaxxer.hikari.HikariConfig - poolName........................"HikariPool-1"
2025-10-20 12:04:15.837 [main] DEBUG com.zaxxer.hikari.HikariConfig - readOnly........................false
2025-10-20 12:04:15.837 [main] DEBUG com.zaxxer.hikari.HikariConfig - registerMbeans..................false
2025-10-20 12:04:15.837 [main] DEBUG com.zaxxer.hikari.HikariConfig - scheduledExecutor...............none
2025-10-20 12:04:15.837 [main] DEBUG com.zaxxer.hikari.HikariConfig - schema..........................none
2025-10-20 12:04:15.837 [main] DEBUG com.zaxxer.hikari.HikariConfig - threadFactory...................internal
2025-10-20 12:04:15.838 [main] DEBUG com.zaxxer.hikari.HikariConfig - transactionIsolation............default
2025-10-20 12:04:15.838 [main] DEBUG com.zaxxer.hikari.HikariConfig - username........................"mobiluser11"
2025-10-20 12:04:15.838 [main] DEBUG com.zaxxer.hikari.HikariConfig - validationTimeout...............5000
2025-10-20 12:04:15.838 [main] INFO  com.zaxxer.hikari.HikariDataSource - HikariPool-1 - Starting...
2025-10-20 12:04:15.950 [main] INFO  com.zaxxer.hikari.pool.HikariPool - HikariPool-1 - Added connection com.mysql.cj.jdbc.ConnectionImpl@7cbe3a05
2025-10-20 12:04:15.954 [main] INFO  com.zaxxer.hikari.HikariDataSource - HikariPool-1 - Start completed.
2025-10-20 12:04:15.969 [main] WARN  org.hibernate.orm.deprecation - HHH90000025: MySQL8Dialect does not need to be specified explicitly using 'hibernate.dialect' (remove the property setting and it will be selected by default)
2025-10-20 12:04:15.969 [main] WARN  org.hibernate.orm.deprecation - HHH90000026: MySQL8Dialect has been deprecated; use org.hibernate.dialect.MySQLDialect instead
2025-10-20 12:04:16.057 [HikariPool-1 housekeeper] DEBUG com.zaxxer.hikari.pool.HikariPool - HikariPool-1 - Pool stats (total=1, active=0, idle=1, waiting=0)
2025-10-20 12:04:16.064 [HikariPool-1 connection adder] DEBUG com.zaxxer.hikari.pool.HikariPool - HikariPool-1 - Added connection com.mysql.cj.jdbc.ConnectionImpl@69ddfff7
2025-10-20 12:04:16.094 [HikariPool-1 connection adder] DEBUG com.zaxxer.hikari.pool.HikariPool - HikariPool-1 - Added connection com.mysql.cj.jdbc.ConnectionImpl@28e0f5cc
2025-10-20 12:04:16.125 [HikariPool-1 connection adder] DEBUG com.zaxxer.hikari.pool.HikariPool - HikariPool-1 - Added connection com.mysql.cj.jdbc.ConnectionImpl@1902dacd
2025-10-20 12:04:16.155 [HikariPool-1 connection adder] DEBUG com.zaxxer.hikari.pool.HikariPool - HikariPool-1 - Added connection com.mysql.cj.jdbc.ConnectionImpl@48cf0a83
2025-10-20 12:04:16.186 [HikariPool-1 connection adder] DEBUG com.zaxxer.hikari.pool.HikariPool - HikariPool-1 - Added connection com.mysql.cj.jdbc.ConnectionImpl@6dfcdf4c
2025-10-20 12:04:16.217 [HikariPool-1 connection adder] DEBUG com.zaxxer.hikari.pool.HikariPool - HikariPool-1 - Added connection com.mysql.cj.jdbc.ConnectionImpl@4c8136ed
2025-10-20 12:04:16.233 [HikariPool-1 connection adder] DEBUG com.zaxxer.hikari.pool.HikariPool - HikariPool-1 - Added connection com.mysql.cj.jdbc.ConnectionImpl@18df059e
2025-10-20 12:04:16.263 [HikariPool-1 connection adder] DEBUG com.zaxxer.hikari.pool.HikariPool - HikariPool-1 - Added connection com.mysql.cj.jdbc.ConnectionImpl@74a83d8c
2025-10-20 12:04:16.281 [HikariPool-1 connection adder] DEBUG com.zaxxer.hikari.pool.HikariPool - HikariPool-1 - Added connection com.mysql.cj.jdbc.ConnectionImpl@129f8fb2
2025-10-20 12:04:16.304 [HikariPool-1 connection adder] DEBUG com.zaxxer.hikari.pool.HikariPool - HikariPool-1 - After adding stats (total=10, active=0, idle=10, waiting=0)
2025-10-20 12:04:16.503 [main] INFO  o.h.e.t.j.p.i.JtaPlatformInitiator - HHH000489: No JTA platform available (set 'hibernate.transaction.jta.platform' to enable JTA platform integration)
2025-10-20 12:04:16.506 [main] INFO  o.s.o.j.LocalContainerEntityManagerFactoryBean - Initialized JPA EntityManagerFactory for persistence unit 'default'
2025-10-20 12:04:18.113 [main] DEBUG com.zaxxer.hikari.HikariConfig - Driver class com.mysql.cj.jdbc.Driver found in Thread context class loader jdk.internal.loader.ClassLoaders$AppClassLoader@2a139a55
2025-10-20 12:04:18.216 [main] DEBUG com.zaxxer.hikari.HikariConfig - Driver class com.mysql.cj.jdbc.Driver found in Thread context class loader jdk.internal.loader.ClassLoaders$AppClassLoader@2a139a55
2025-10-20 12:04:19.127 [main] WARN  o.s.b.a.o.j.JpaBaseConfiguration$JpaWebConfiguration - spring.jpa.open-in-view is enabled by default. Therefore, database queries may be performed during view rendering. Explicitly configure spring.jpa.open-in-view to disable this warning
2025-10-20 12:04:21.343 [main] INFO  o.s.b.a.e.web.EndpointLinksResolver - Exposing 4 endpoint(s) beneath base path '/actuator'
2025-10-20 12:04:21.496 [main] INFO  c.f.FoodAnnouncementsNewsEventServicesApplicationTests - Started FoodAnnouncementsNewsEventServicesApplicationTests in 8.914 seconds (process running for 9.701)
2025-10-20 12:04:22.146 [SpringApplicationShutdownHook] INFO  o.s.o.j.LocalContainerEntityManagerFactoryBean - Closing JPA EntityManagerFactory for persistence unit 'default'
2025-10-20 12:04:22.149 [SpringApplicationShutdownHook] INFO  com.zaxxer.hikari.HikariDataSource - HikariPool-1 - Shutdown initiated...
2025-10-20 12:04:22.150 [SpringApplicationShutdownHook] DEBUG com.zaxxer.hikari.pool.HikariPool - HikariPool-1 - Before shutdown stats (total=10, active=0, idle=10, waiting=0)
2025-10-20 12:04:22.152 [HikariPool-1 connection closer] DEBUG com.zaxxer.hikari.pool.PoolBase - HikariPool-1 - Closing connection com.mysql.cj.jdbc.ConnectionImpl@7cbe3a05: (connection evicted)
2025-10-20 12:04:22.160 [HikariPool-1 connection closer] DEBUG com.zaxxer.hikari.pool.PoolBase - HikariPool-1 - Closing connection com.mysql.cj.jdbc.ConnectionImpl@69ddfff7: (connection evicted)
2025-10-20 12:04:22.161 [HikariPool-1 connection closer] DEBUG com.zaxxer.hikari.pool.PoolBase - HikariPool-1 - Closing connection com.mysql.cj.jdbc.ConnectionImpl@28e0f5cc: (connection evicted)
2025-10-20 12:04:22.161 [HikariPool-1 connection closer] DEBUG com.zaxxer.hikari.pool.PoolBase - HikariPool-1 - Closing connection com.mysql.cj.jdbc.ConnectionImpl@1902dacd: (connection evicted)
2025-10-20 12:04:22.161 [HikariPool-1 connection closer] DEBUG com.zaxxer.hikari.pool.PoolBase - HikariPool-1 - Closing connection com.mysql.cj.jdbc.ConnectionImpl@48cf0a83: (connection evicted)
2025-10-20 12:04:22.161 [HikariPool-1 connection closer] DEBUG com.zaxxer.hikari.pool.PoolBase - HikariPool-1 - Closing connection com.mysql.cj.jdbc.ConnectionImpl@6dfcdf4c: (connection evicted)
2025-10-20 12:04:22.161 [HikariPool-1 connection closer] DEBUG com.zaxxer.hikari.pool.PoolBase - HikariPool-1 - Closing connection com.mysql.cj.jdbc.ConnectionImpl@4c8136ed: (connection evicted)
2025-10-20 12:04:22.161 [HikariPool-1 connection closer] DEBUG com.zaxxer.hikari.pool.PoolBase - HikariPool-1 - Closing connection com.mysql.cj.jdbc.ConnectionImpl@18df059e: (connection evicted)
2025-10-20 12:04:22.161 [HikariPool-1 connection closer] DEBUG com.zaxxer.hikari.pool.PoolBase - HikariPool-1 - Closing connection com.mysql.cj.jdbc.ConnectionImpl@74a83d8c: (connection evicted)
2025-10-20 12:04:22.162 [HikariPool-1 connection closer] DEBUG com.zaxxer.hikari.pool.PoolBase - HikariPool-1 - Closing connection com.mysql.cj.jdbc.ConnectionImpl@129f8fb2: (connection evicted)
2025-10-20 12:04:22.162 [SpringApplicationShutdownHook] DEBUG com.zaxxer.hikari.pool.HikariPool - HikariPool-1 - After shutdown stats (total=0, active=0, idle=0, waiting=0)
2025-10-20 12:04:22.162 [SpringApplicationShutdownHook] INFO  com.zaxxer.hikari.HikariDataSource - HikariPool-1 - Shutdown completed.
2025-10-20 12:04:59.910 [main] INFO  c.f.FoodAnnouncementsNewsEventServicesApplicationTests - Starting FoodAnnouncementsNewsEventServicesApplicationTests using Java 17.0.12 with PID 21668 (started by cdikici in C:\Users\cdikici\IdeaProjects\FoodAnnouncementsNewsEventServices)
2025-10-20 12:04:59.913 [main] INFO  c.f.FoodAnnouncementsNewsEventServicesApplicationTests - No active profile set, falling back to 1 default profile: "default"
2025-10-20 12:05:00.922 [main] INFO  o.s.d.r.c.RepositoryConfigurationDelegate - Bootstrapping Spring Data JPA repositories in DEFAULT mode.
2025-10-20 12:05:01.022 [main] INFO  o.s.d.r.c.RepositoryConfigurationDelegate - Finished Spring Data repository scanning in 88 ms. Found 2 JPA repository interfaces.
2025-10-20 12:05:01.881 [main] DEBUG com.zaxxer.hikari.HikariConfig - Driver class com.mysql.cj.jdbc.Driver found in Thread context class loader jdk.internal.loader.ClassLoaders$AppClassLoader@2a139a55
2025-10-20 12:05:02.137 [main] INFO  o.h.jpa.internal.util.LogHelper - HHH000204: Processing PersistenceUnitInfo [name: default]
2025-10-20 12:05:02.288 [main] INFO  org.hibernate.Version - HHH000412: Hibernate ORM core version 6.3.1.Final
2025-10-20 12:05:02.329 [main] INFO  o.h.c.i.RegionFactoryInitiator - HHH000026: Second-level cache disabled
2025-10-20 12:05:02.528 [main] INFO  o.s.o.j.p.SpringPersistenceUnitInfo - No LoadTimeWeaver setup: ignoring JPA class transformer
2025-10-20 12:05:02.550 [main] DEBUG com.zaxxer.hikari.HikariConfig - HikariPool-1 - configuration:
2025-10-20 12:05:02.553 [main] DEBUG com.zaxxer.hikari.HikariConfig - allowPoolSuspension.............false
2025-10-20 12:05:02.554 [main] DEBUG com.zaxxer.hikari.HikariConfig - autoCommit......................true
2025-10-20 12:05:02.555 [main] DEBUG com.zaxxer.hikari.HikariConfig - catalog.........................none
2025-10-20 12:05:02.555 [main] DEBUG com.zaxxer.hikari.HikariConfig - connectionInitSql...............none
2025-10-20 12:05:02.555 [main] DEBUG com.zaxxer.hikari.HikariConfig - connectionTestQuery.............none
2025-10-20 12:05:02.555 [main] DEBUG com.zaxxer.hikari.HikariConfig - connectionTimeout...............30000
2025-10-20 12:05:02.555 [main] DEBUG com.zaxxer.hikari.HikariConfig - dataSource......................none
2025-10-20 12:05:02.556 [main] DEBUG com.zaxxer.hikari.HikariConfig - dataSourceClassName.............none
2025-10-20 12:05:02.556 [main] DEBUG com.zaxxer.hikari.HikariConfig - dataSourceJNDI..................none
2025-10-20 12:05:02.556 [main] DEBUG com.zaxxer.hikari.HikariConfig - dataSourceProperties............{password=<masked>}
2025-10-20 12:05:02.556 [main] DEBUG com.zaxxer.hikari.HikariConfig - driverClassName................."com.mysql.cj.jdbc.Driver"
2025-10-20 12:05:02.556 [main] DEBUG com.zaxxer.hikari.HikariConfig - exceptionOverrideClassName......none
2025-10-20 12:05:02.556 [main] DEBUG com.zaxxer.hikari.HikariConfig - healthCheckProperties...........{}
2025-10-20 12:05:02.556 [main] DEBUG com.zaxxer.hikari.HikariConfig - healthCheckRegistry.............none
2025-10-20 12:05:02.556 [main] DEBUG com.zaxxer.hikari.HikariConfig - idleTimeout.....................600000
2025-10-20 12:05:02.556 [main] DEBUG com.zaxxer.hikari.HikariConfig - initializationFailTimeout.......1
2025-10-20 12:05:02.558 [main] DEBUG com.zaxxer.hikari.HikariConfig - isolateInternalQueries..........false
2025-10-20 12:05:02.558 [main] DEBUG com.zaxxer.hikari.HikariConfig - jdbcUrl.........................jdbc:mysql://193.140.136.11:3306/duyuru
2025-10-20 12:05:02.558 [main] DEBUG com.zaxxer.hikari.HikariConfig - keepaliveTime...................0
2025-10-20 12:05:02.559 [main] DEBUG com.zaxxer.hikari.HikariConfig - leakDetectionThreshold..........0
2025-10-20 12:05:02.559 [main] DEBUG com.zaxxer.hikari.HikariConfig - maxLifetime.....................1800000
2025-10-20 12:05:02.559 [main] DEBUG com.zaxxer.hikari.HikariConfig - maximumPoolSize.................10
2025-10-20 12:05:02.559 [main] DEBUG com.zaxxer.hikari.HikariConfig - metricRegistry..................none
2025-10-20 12:05:02.559 [main] DEBUG com.zaxxer.hikari.HikariConfig - metricsTrackerFactory...........none
2025-10-20 12:05:02.560 [main] DEBUG com.zaxxer.hikari.HikariConfig - minimumIdle.....................10
2025-10-20 12:05:02.560 [main] DEBUG com.zaxxer.hikari.HikariConfig - password........................<masked>
2025-10-20 12:05:02.560 [main] DEBUG com.zaxxer.hikari.HikariConfig - poolName........................"HikariPool-1"
2025-10-20 12:05:02.560 [main] DEBUG com.zaxxer.hikari.HikariConfig - readOnly........................false
2025-10-20 12:05:02.560 [main] DEBUG com.zaxxer.hikari.HikariConfig - registerMbeans..................false
2025-10-20 12:05:02.560 [main] DEBUG com.zaxxer.hikari.HikariConfig - scheduledExecutor...............none
2025-10-20 12:05:02.561 [main] DEBUG com.zaxxer.hikari.HikariConfig - schema..........................none
2025-10-20 12:05:02.561 [main] DEBUG com.zaxxer.hikari.HikariConfig - threadFactory...................internal
2025-10-20 12:05:02.562 [main] DEBUG com.zaxxer.hikari.HikariConfig - transactionIsolation............default
2025-10-20 12:05:02.562 [main] DEBUG com.zaxxer.hikari.HikariConfig - username........................"mobiluser11"
2025-10-20 12:05:02.562 [main] DEBUG com.zaxxer.hikari.HikariConfig - validationTimeout...............5000
2025-10-20 12:05:02.562 [main] INFO  com.zaxxer.hikari.HikariDataSource - HikariPool-1 - Starting...
2025-10-20 12:05:02.672 [main] INFO  com.zaxxer.hikari.pool.HikariPool - HikariPool-1 - Added connection com.mysql.cj.jdbc.ConnectionImpl@3b8b4846
2025-10-20 12:05:02.675 [main] INFO  com.zaxxer.hikari.HikariDataSource - HikariPool-1 - Start completed.
2025-10-20 12:05:02.695 [main] WARN  org.hibernate.orm.deprecation - HHH90000025: MySQL8Dialect does not need to be specified explicitly using 'hibernate.dialect' (remove the property setting and it will be selected by default)
2025-10-20 12:05:02.696 [main] WARN  org.hibernate.orm.deprecation - HHH90000026: MySQL8Dialect has been deprecated; use org.hibernate.dialect.MySQLDialect instead
2025-10-20 12:05:02.785 [HikariPool-1 housekeeper] DEBUG com.zaxxer.hikari.pool.HikariPool - HikariPool-1 - Pool stats (total=1, active=0, idle=1, waiting=0)
2025-10-20 12:05:02.795 [HikariPool-1 connection adder] DEBUG com.zaxxer.hikari.pool.HikariPool - HikariPool-1 - Added connection com.mysql.cj.jdbc.ConnectionImpl@2acc7ba4
2025-10-20 12:05:02.822 [HikariPool-1 connection adder] DEBUG com.zaxxer.hikari.pool.HikariPool - HikariPool-1 - Added connection com.mysql.cj.jdbc.ConnectionImpl@6bf1719f
2025-10-20 12:05:02.852 [HikariPool-1 connection adder] DEBUG com.zaxxer.hikari.pool.HikariPool - HikariPool-1 - Added connection com.mysql.cj.jdbc.ConnectionImpl@5a501c13
2025-10-20 12:05:02.883 [HikariPool-1 connection adder] DEBUG com.zaxxer.hikari.pool.HikariPool - HikariPool-1 - Added connection com.mysql.cj.jdbc.ConnectionImpl@bde8ed0
2025-10-20 12:05:02.901 [HikariPool-1 connection adder] DEBUG com.zaxxer.hikari.pool.HikariPool - HikariPool-1 - Added connection com.mysql.cj.jdbc.ConnectionImpl@c9a059
2025-10-20 12:05:02.931 [HikariPool-1 connection adder] DEBUG com.zaxxer.hikari.pool.HikariPool - HikariPool-1 - Added connection com.mysql.cj.jdbc.ConnectionImpl@f90f1bf
2025-10-20 12:05:02.963 [HikariPool-1 connection adder] DEBUG com.zaxxer.hikari.pool.HikariPool - HikariPool-1 - Added connection com.mysql.cj.jdbc.ConnectionImpl@40fca88
2025-10-20 12:05:02.993 [HikariPool-1 connection adder] DEBUG com.zaxxer.hikari.pool.HikariPool - HikariPool-1 - Added connection com.mysql.cj.jdbc.ConnectionImpl@465c4a9e
2025-10-20 12:05:03.025 [HikariPool-1 connection adder] DEBUG com.zaxxer.hikari.pool.HikariPool - HikariPool-1 - Added connection com.mysql.cj.jdbc.ConnectionImpl@3ef23665
2025-10-20 12:05:03.049 [HikariPool-1 connection adder] DEBUG com.zaxxer.hikari.pool.HikariPool - HikariPool-1 - After adding stats (total=10, active=0, idle=10, waiting=0)
2025-10-20 12:05:03.302 [main] INFO  o.h.e.t.j.p.i.JtaPlatformInitiator - HHH000489: No JTA platform available (set 'hibernate.transaction.jta.platform' to enable JTA platform integration)
2025-10-20 12:05:03.304 [main] INFO  o.s.o.j.LocalContainerEntityManagerFactoryBean - Initialized JPA EntityManagerFactory for persistence unit 'default'
2025-10-20 12:05:04.878 [main] DEBUG com.zaxxer.hikari.HikariConfig - Driver class com.mysql.cj.jdbc.Driver found in Thread context class loader jdk.internal.loader.ClassLoaders$AppClassLoader@2a139a55
2025-10-20 12:05:04.939 [main] DEBUG com.zaxxer.hikari.HikariConfig - Driver class com.mysql.cj.jdbc.Driver found in Thread context class loader jdk.internal.loader.ClassLoaders$AppClassLoader@2a139a55
2025-10-20 12:05:05.745 [main] WARN  o.s.b.a.o.j.JpaBaseConfiguration$JpaWebConfiguration - spring.jpa.open-in-view is enabled by default. Therefore, database queries may be performed during view rendering. Explicitly configure spring.jpa.open-in-view to disable this warning
2025-10-20 12:05:07.819 [main] INFO  o.s.b.a.e.web.EndpointLinksResolver - Exposing 4 endpoint(s) beneath base path '/actuator'
2025-10-20 12:05:07.978 [main] INFO  c.f.FoodAnnouncementsNewsEventServicesApplicationTests - Started FoodAnnouncementsNewsEventServicesApplicationTests in 8.371 seconds (process running for 9.096)
2025-10-20 12:05:08.492 [SpringApplicationShutdownHook] INFO  o.s.o.j.LocalContainerEntityManagerFactoryBean - Closing JPA EntityManagerFactory for persistence unit 'default'
2025-10-20 12:05:08.494 [SpringApplicationShutdownHook] INFO  com.zaxxer.hikari.HikariDataSource - HikariPool-1 - Shutdown initiated...
2025-10-20 12:05:08.495 [SpringApplicationShutdownHook] DEBUG com.zaxxer.hikari.pool.HikariPool - HikariPool-1 - Before shutdown stats (total=10, active=0, idle=10, waiting=0)
2025-10-20 12:05:08.496 [HikariPool-1 connection closer] DEBUG com.zaxxer.hikari.pool.PoolBase - HikariPool-1 - Closing connection com.mysql.cj.jdbc.ConnectionImpl@3b8b4846: (connection evicted)
2025-10-20 12:05:08.500 [HikariPool-1 connection closer] DEBUG com.zaxxer.hikari.pool.PoolBase - HikariPool-1 - Closing connection com.mysql.cj.jdbc.ConnectionImpl@2acc7ba4: (connection evicted)
2025-10-20 12:05:08.500 [HikariPool-1 connection closer] DEBUG com.zaxxer.hikari.pool.PoolBase - HikariPool-1 - Closing connection com.mysql.cj.jdbc.ConnectionImpl@6bf1719f: (connection evicted)
2025-10-20 12:05:08.500 [HikariPool-1 connection closer] DEBUG com.zaxxer.hikari.pool.PoolBase - HikariPool-1 - Closing connection com.mysql.cj.jdbc.ConnectionImpl@5a501c13: (connection evicted)
2025-10-20 12:05:08.500 [HikariPool-1 connection closer] DEBUG com.zaxxer.hikari.pool.PoolBase - HikariPool-1 - Closing connection com.mysql.cj.jdbc.ConnectionImpl@bde8ed0: (connection evicted)
2025-10-20 12:05:08.500 [HikariPool-1 connection closer] DEBUG com.zaxxer.hikari.pool.PoolBase - HikariPool-1 - Closing connection com.mysql.cj.jdbc.ConnectionImpl@c9a059: (connection evicted)
2025-10-20 12:05:08.500 [HikariPool-1 connection closer] DEBUG com.zaxxer.hikari.pool.PoolBase - HikariPool-1 - Closing connection com.mysql.cj.jdbc.ConnectionImpl@f90f1bf: (connection evicted)
2025-10-20 12:05:08.500 [HikariPool-1 connection closer] DEBUG com.zaxxer.hikari.pool.PoolBase - HikariPool-1 - Closing connection com.mysql.cj.jdbc.ConnectionImpl@40fca88: (connection evicted)
2025-10-20 12:05:08.501 [HikariPool-1 connection closer] DEBUG com.zaxxer.hikari.pool.PoolBase - HikariPool-1 - Closing connection com.mysql.cj.jdbc.ConnectionImpl@465c4a9e: (connection evicted)
2025-10-20 12:05:08.501 [HikariPool-1 connection closer] DEBUG com.zaxxer.hikari.pool.PoolBase - HikariPool-1 - Closing connection com.mysql.cj.jdbc.ConnectionImpl@3ef23665: (connection evicted)
2025-10-20 12:05:08.501 [SpringApplicationShutdownHook] DEBUG com.zaxxer.hikari.pool.HikariPool - HikariPool-1 - After shutdown stats (total=0, active=0, idle=0, waiting=0)
2025-10-20 12:05:08.501 [SpringApplicationShutdownHook] INFO  com.zaxxer.hikari.HikariDataSource - HikariPool-1 - Shutdown completed.
2025-10-20 12:09:49.951 [main] INFO  c.f.FoodAnnouncementsNewsEventServicesApplicationTests - Starting FoodAnnouncementsNewsEventServicesApplicationTests using Java 17.0.12 with PID 20812 (started by cdikici in C:\Users\cdikici\IdeaProjects\FoodAnnouncementsNewsEventServices)
2025-10-20 12:09:49.952 [main] INFO  c.f.FoodAnnouncementsNewsEventServicesApplicationTests - No active profile set, falling back to 1 default profile: "default"
2025-10-20 12:09:51.037 [main] INFO  o.s.d.r.c.RepositoryConfigurationDelegate - Bootstrapping Spring Data JPA repositories in DEFAULT mode.
2025-10-20 12:09:51.166 [main] INFO  o.s.d.r.c.RepositoryConfigurationDelegate - Finished Spring Data repository scanning in 111 ms. Found 2 JPA repository interfaces.
2025-10-20 12:09:52.158 [main] DEBUG com.zaxxer.hikari.HikariConfig - Driver class com.mysql.cj.jdbc.Driver found in Thread context class loader jdk.internal.loader.ClassLoaders$AppClassLoader@2a139a55
2025-10-20 12:09:52.537 [main] INFO  o.h.jpa.internal.util.LogHelper - HHH000204: Processing PersistenceUnitInfo [name: default]
2025-10-20 12:09:52.611 [main] INFO  org.hibernate.Version - HHH000412: Hibernate ORM core version 6.3.1.Final
2025-10-20 12:09:52.669 [main] INFO  o.h.c.i.RegionFactoryInitiator - HHH000026: Second-level cache disabled
2025-10-20 12:09:52.912 [main] INFO  o.s.o.j.p.SpringPersistenceUnitInfo - No LoadTimeWeaver setup: ignoring JPA class transformer
2025-10-20 12:09:52.933 [main] DEBUG com.zaxxer.hikari.HikariConfig - HikariPool-1 - configuration:
2025-10-20 12:09:52.937 [main] DEBUG com.zaxxer.hikari.HikariConfig - allowPoolSuspension.............false
2025-10-20 12:09:52.937 [main] DEBUG com.zaxxer.hikari.HikariConfig - autoCommit......................true
2025-10-20 12:09:52.938 [main] DEBUG com.zaxxer.hikari.HikariConfig - catalog.........................none
2025-10-20 12:09:52.938 [main] DEBUG com.zaxxer.hikari.HikariConfig - connectionInitSql...............none
2025-10-20 12:09:52.938 [main] DEBUG com.zaxxer.hikari.HikariConfig - connectionTestQuery.............none
2025-10-20 12:09:52.938 [main] DEBUG com.zaxxer.hikari.HikariConfig - connectionTimeout...............30000
2025-10-20 12:09:52.938 [main] DEBUG com.zaxxer.hikari.HikariConfig - dataSource......................none
2025-10-20 12:09:52.938 [main] DEBUG com.zaxxer.hikari.HikariConfig - dataSourceClassName.............none
2025-10-20 12:09:52.938 [main] DEBUG com.zaxxer.hikari.HikariConfig - dataSourceJNDI..................none
2025-10-20 12:09:52.940 [main] DEBUG com.zaxxer.hikari.HikariConfig - dataSourceProperties............{password=<masked>}
2025-10-20 12:09:52.940 [main] DEBUG com.zaxxer.hikari.HikariConfig - driverClassName................."com.mysql.cj.jdbc.Driver"
2025-10-20 12:09:52.940 [main] DEBUG com.zaxxer.hikari.HikariConfig - exceptionOverrideClassName......none
2025-10-20 12:09:52.940 [main] DEBUG com.zaxxer.hikari.HikariConfig - healthCheckProperties...........{}
2025-10-20 12:09:52.940 [main] DEBUG com.zaxxer.hikari.HikariConfig - healthCheckRegistry.............none
2025-10-20 12:09:52.941 [main] DEBUG com.zaxxer.hikari.HikariConfig - idleTimeout.....................600000
2025-10-20 12:09:52.941 [main] DEBUG com.zaxxer.hikari.HikariConfig - initializationFailTimeout.......1
2025-10-20 12:09:52.941 [main] DEBUG com.zaxxer.hikari.HikariConfig - isolateInternalQueries..........false
2025-10-20 12:09:52.941 [main] DEBUG com.zaxxer.hikari.HikariConfig - jdbcUrl.........................jdbc:mysql://193.140.136.11:3306/duyuru
2025-10-20 12:09:52.942 [main] DEBUG com.zaxxer.hikari.HikariConfig - keepaliveTime...................0
2025-10-20 12:09:52.942 [main] DEBUG com.zaxxer.hikari.HikariConfig - leakDetectionThreshold..........0
2025-10-20 12:09:52.942 [main] DEBUG com.zaxxer.hikari.HikariConfig - maxLifetime.....................1800000
2025-10-20 12:09:52.942 [main] DEBUG com.zaxxer.hikari.HikariConfig - maximumPoolSize.................10
2025-10-20 12:09:52.942 [main] DEBUG com.zaxxer.hikari.HikariConfig - metricRegistry..................none
2025-10-20 12:09:52.942 [main] DEBUG com.zaxxer.hikari.HikariConfig - metricsTrackerFactory...........none
2025-10-20 12:09:52.943 [main] DEBUG com.zaxxer.hikari.HikariConfig - minimumIdle.....................10
2025-10-20 12:09:52.943 [main] DEBUG com.zaxxer.hikari.HikariConfig - password........................<masked>
2025-10-20 12:09:52.943 [main] DEBUG com.zaxxer.hikari.HikariConfig - poolName........................"HikariPool-1"
2025-10-20 12:09:52.943 [main] DEBUG com.zaxxer.hikari.HikariConfig - readOnly........................false
2025-10-20 12:09:52.943 [main] DEBUG com.zaxxer.hikari.HikariConfig - registerMbeans..................false
2025-10-20 12:09:52.944 [main] DEBUG com.zaxxer.hikari.HikariConfig - scheduledExecutor...............none
2025-10-20 12:09:52.944 [main] DEBUG com.zaxxer.hikari.HikariConfig - schema..........................none
2025-10-20 12:09:52.944 [main] DEBUG com.zaxxer.hikari.HikariConfig - threadFactory...................internal
2025-10-20 12:09:52.944 [main] DEBUG com.zaxxer.hikari.HikariConfig - transactionIsolation............default
2025-10-20 12:09:52.944 [main] DEBUG com.zaxxer.hikari.HikariConfig - username........................"mobiluser11"
2025-10-20 12:09:52.945 [main] DEBUG com.zaxxer.hikari.HikariConfig - validationTimeout...............5000
2025-10-20 12:09:52.945 [main] INFO  com.zaxxer.hikari.HikariDataSource - HikariPool-1 - Starting...
2025-10-20 12:09:53.077 [main] INFO  com.zaxxer.hikari.pool.HikariPool - HikariPool-1 - Added connection com.mysql.cj.jdbc.ConnectionImpl@75663443
2025-10-20 12:09:53.079 [main] INFO  com.zaxxer.hikari.HikariDataSource - HikariPool-1 - Start completed.
2025-10-20 12:09:53.094 [main] WARN  org.hibernate.orm.deprecation - HHH90000025: MySQL8Dialect does not need to be specified explicitly using 'hibernate.dialect' (remove the property setting and it will be selected by default)
2025-10-20 12:09:53.095 [main] WARN  org.hibernate.orm.deprecation - HHH90000026: MySQL8Dialect has been deprecated; use org.hibernate.dialect.MySQLDialect instead
2025-10-20 12:09:53.180 [HikariPool-1 housekeeper] DEBUG com.zaxxer.hikari.pool.HikariPool - HikariPool-1 - Pool stats (total=1, active=0, idle=1, waiting=0)
2025-10-20 12:09:53.187 [HikariPool-1 connection adder] DEBUG com.zaxxer.hikari.pool.HikariPool - HikariPool-1 - Added connection com.mysql.cj.jdbc.ConnectionImpl@3f84b3e3
2025-10-20 12:09:53.216 [HikariPool-1 connection adder] DEBUG com.zaxxer.hikari.pool.HikariPool - HikariPool-1 - Added connection com.mysql.cj.jdbc.ConnectionImpl@7eb9b9d8
2025-10-20 12:09:53.234 [HikariPool-1 connection adder] DEBUG com.zaxxer.hikari.pool.HikariPool - HikariPool-1 - Added connection com.mysql.cj.jdbc.ConnectionImpl@4f0d81de
2025-10-20 12:09:53.263 [HikariPool-1 connection adder] DEBUG com.zaxxer.hikari.pool.HikariPool - HikariPool-1 - Added connection com.mysql.cj.jdbc.ConnectionImpl@1e964697
2025-10-20 12:09:53.293 [HikariPool-1 connection adder] DEBUG com.zaxxer.hikari.pool.HikariPool - HikariPool-1 - Added connection com.mysql.cj.jdbc.ConnectionImpl@9d7e480
2025-10-20 12:09:53.311 [HikariPool-1 connection adder] DEBUG com.zaxxer.hikari.pool.HikariPool - HikariPool-1 - Added connection com.mysql.cj.jdbc.ConnectionImpl@1ad83ca8
2025-10-20 12:09:53.340 [HikariPool-1 connection adder] DEBUG com.zaxxer.hikari.pool.HikariPool - HikariPool-1 - Added connection com.mysql.cj.jdbc.ConnectionImpl@3ae7ce69
2025-10-20 12:09:53.357 [HikariPool-1 connection adder] DEBUG com.zaxxer.hikari.pool.HikariPool - HikariPool-1 - Added connection com.mysql.cj.jdbc.ConnectionImpl@64e2c7b4
2025-10-20 12:09:53.386 [HikariPool-1 connection adder] DEBUG com.zaxxer.hikari.pool.HikariPool - HikariPool-1 - Added connection com.mysql.cj.jdbc.ConnectionImpl@7a0e200d
2025-10-20 12:09:53.398 [HikariPool-1 connection adder] DEBUG com.zaxxer.hikari.pool.HikariPool - HikariPool-1 - After adding stats (total=10, active=0, idle=10, waiting=0)
2025-10-20 12:09:53.693 [main] INFO  o.h.e.t.j.p.i.JtaPlatformInitiator - HHH000489: No JTA platform available (set 'hibernate.transaction.jta.platform' to enable JTA platform integration)
2025-10-20 12:09:53.695 [main] INFO  o.s.o.j.LocalContainerEntityManagerFactoryBean - Initialized JPA EntityManagerFactory for persistence unit 'default'
2025-10-20 12:09:55.757 [main] DEBUG com.zaxxer.hikari.HikariConfig - Driver class com.mysql.cj.jdbc.Driver found in Thread context class loader jdk.internal.loader.ClassLoaders$AppClassLoader@2a139a55
2025-10-20 12:09:55.819 [main] DEBUG com.zaxxer.hikari.HikariConfig - Driver class com.mysql.cj.jdbc.Driver found in Thread context class loader jdk.internal.loader.ClassLoaders$AppClassLoader@2a139a55
2025-10-20 12:09:56.617 [main] WARN  o.s.b.a.o.j.JpaBaseConfiguration$JpaWebConfiguration - spring.jpa.open-in-view is enabled by default. Therefore, database queries may be performed during view rendering. Explicitly configure spring.jpa.open-in-view to disable this warning
2025-10-20 12:09:58.566 [main] INFO  o.s.b.a.e.web.EndpointLinksResolver - Exposing 4 endpoint(s) beneath base path '/actuator'
2025-10-20 12:09:58.725 [main] INFO  c.f.FoodAnnouncementsNewsEventServicesApplicationTests - Started FoodAnnouncementsNewsEventServicesApplicationTests in 9.141 seconds (process running for 10.018)
2025-10-20 12:09:59.231 [SpringApplicationShutdownHook] INFO  o.s.o.j.LocalContainerEntityManagerFactoryBean - Closing JPA EntityManagerFactory for persistence unit 'default'
2025-10-20 12:09:59.235 [SpringApplicationShutdownHook] INFO  com.zaxxer.hikari.HikariDataSource - HikariPool-1 - Shutdown initiated...
2025-10-20 12:09:59.235 [SpringApplicationShutdownHook] DEBUG com.zaxxer.hikari.pool.HikariPool - HikariPool-1 - Before shutdown stats (total=10, active=0, idle=10, waiting=0)
2025-10-20 12:09:59.239 [HikariPool-1 connection closer] DEBUG com.zaxxer.hikari.pool.PoolBase - HikariPool-1 - Closing connection com.mysql.cj.jdbc.ConnectionImpl@75663443: (connection evicted)
2025-10-20 12:09:59.244 [HikariPool-1 connection closer] DEBUG com.zaxxer.hikari.pool.PoolBase - HikariPool-1 - Closing connection com.mysql.cj.jdbc.ConnectionImpl@3f84b3e3: (connection evicted)
2025-10-20 12:09:59.244 [HikariPool-1 connection closer] DEBUG com.zaxxer.hikari.pool.PoolBase - HikariPool-1 - Closing connection com.mysql.cj.jdbc.ConnectionImpl@7eb9b9d8: (connection evicted)
2025-10-20 12:09:59.245 [HikariPool-1 connection closer] DEBUG com.zaxxer.hikari.pool.PoolBase - HikariPool-1 - Closing connection com.mysql.cj.jdbc.ConnectionImpl@4f0d81de: (connection evicted)
2025-10-20 12:09:59.245 [HikariPool-1 connection closer] DEBUG com.zaxxer.hikari.pool.PoolBase - HikariPool-1 - Closing connection com.mysql.cj.jdbc.ConnectionImpl@1e964697: (connection evicted)
2025-10-20 12:09:59.246 [HikariPool-1 connection closer] DEBUG com.zaxxer.hikari.pool.PoolBase - HikariPool-1 - Closing connection com.mysql.cj.jdbc.ConnectionImpl@9d7e480: (connection evicted)
2025-10-20 12:09:59.246 [HikariPool-1 connection closer] DEBUG com.zaxxer.hikari.pool.PoolBase - HikariPool-1 - Closing connection com.mysql.cj.jdbc.ConnectionImpl@1ad83ca8: (connection evicted)
2025-10-20 12:09:59.246 [HikariPool-1 connection closer] DEBUG com.zaxxer.hikari.pool.PoolBase - HikariPool-1 - Closing connection com.mysql.cj.jdbc.ConnectionImpl@3ae7ce69: (connection evicted)
2025-10-20 12:09:59.246 [HikariPool-1 connection closer] DEBUG com.zaxxer.hikari.pool.PoolBase - HikariPool-1 - Closing connection com.mysql.cj.jdbc.ConnectionImpl@64e2c7b4: (connection evicted)
2025-10-20 12:09:59.247 [HikariPool-1 connection closer] DEBUG com.zaxxer.hikari.pool.PoolBase - HikariPool-1 - Closing connection com.mysql.cj.jdbc.ConnectionImpl@7a0e200d: (connection evicted)
2025-10-20 12:09:59.247 [SpringApplicationShutdownHook] DEBUG com.zaxxer.hikari.pool.HikariPool - HikariPool-1 - After shutdown stats (total=0, active=0, idle=0, waiting=0)
2025-10-20 12:09:59.247 [SpringApplicationShutdownHook] INFO  com.zaxxer.hikari.HikariDataSource - HikariPool-1 - Shutdown completed.
